17:18:28 **** Build of configuration Debug for project rgrewalassignment2 ****
make -j4 all 
arm-none-eabi-gcc "../Drivers/STM32L4xx_HAL_Driver/Src/stm32l4xx_hal.c" -mcpu=cortex-m4 -std=gnu11 -g3 -DDEBUG -DUSE_HAL_DRIVER -DSTM32L432xx -c -I../Core/Inc -I../Drivers/STM32L4xx_HAL_Driver/Inc -I../Drivers/STM32L4xx_HAL_Driver/Inc/Legacy -I../Drivers/CMSIS/Device/ST/STM32L4xx/Include -I../Drivers/CMSIS/Include -O0 -ffunction-sections -fdata-sections -Wall -fstack-usage -MMD -MP -MF"Drivers/STM32L4xx_HAL_Driver/Src/stm32l4xx_hal.d" -MT"Drivers/STM32L4xx_HAL_Driver/Src/stm32l4xx_hal.o" --specs=nano.specs -mfpu=fpv4-sp-d16 -mfloat-abi=hard -mthumb -o "Drivers/STM32L4xx_HAL_Driver/Src/stm32l4xx_hal.o"
arm-none-eabi-gcc "../Drivers/STM32L4xx_HAL_Driver/Src/stm32l4xx_hal_cortex.c" -mcpu=cortex-m4 -std=gnu11 -g3 -DDEBUG -DUSE_HAL_DRIVER -DSTM32L432xx -c -I../Core/Inc -I../Drivers/STM32L4xx_HAL_Driver/Inc -I../Drivers/STM32L4xx_HAL_Driver/Inc/Legacy -I../Drivers/CMSIS/Device/ST/STM32L4xx/Include -I../Drivers/CMSIS/Include -O0 -ffunction-sections -fdata-sections -Wall -fstack-usage -MMD -MP -MF"Drivers/STM32L4xx_HAL_Driver/Src/stm32l4xx_hal_cortex.d" -MT"Drivers/STM32L4xx_HAL_Driver/Src/stm32l4xx_hal_cortex.o" --specs=nano.specs -mfpu=fpv4-sp-d16 -mfloat-abi=hard -mthumb -o "Drivers/STM32L4xx_HAL_Driver/Src/stm32l4xx_hal_cortex.o"
arm-none-eabi-gcc "../Drivers/STM32L4xx_HAL_Driver/Src/stm32l4xx_hal_dma.c" -mcpu=cortex-m4 -std=gnu11 -g3 -DDEBUG -DUSE_HAL_DRIVER -DSTM32L432xx -c -I../Core/Inc -I../Drivers/STM32L4xx_HAL_Driver/Inc -I../Drivers/STM32L4xx_HAL_Driver/Inc/Legacy -I../Drivers/CMSIS/Device/ST/STM32L4xx/Include -I../Drivers/CMSIS/Include -O0 -ffunction-sections -fdata-sections -Wall -fstack-usage -MMD -MP -MF"Drivers/STM32L4xx_HAL_Driver/Src/stm32l4xx_hal_dma.d" -MT"Drivers/STM32L4xx_HAL_Driver/Src/stm32l4xx_hal_dma.o" --specs=nano.specs -mfpu=fpv4-sp-d16 -mfloat-abi=hard -mthumb -o "Drivers/STM32L4xx_HAL_Driver/Src/stm32l4xx_hal_dma.o"
arm-none-eabi-gcc "../Drivers/STM32L4xx_HAL_Driver/Src/stm32l4xx_hal_dma_ex.c" -mcpu=cortex-m4 -std=gnu11 -g3 -DDEBUG -DUSE_HAL_DRIVER -DSTM32L432xx -c -I../Core/Inc -I../Drivers/STM32L4xx_HAL_Driver/Inc -I../Drivers/STM32L4xx_HAL_Driver/Inc/Legacy -I../Drivers/CMSIS/Device/ST/STM32L4xx/Include -I../Drivers/CMSIS/Include -O0 -ffunction-sections -fdata-sections -Wall -fstack-usage -MMD -MP -MF"Drivers/STM32L4xx_HAL_Driver/Src/stm32l4xx_hal_dma_ex.d" -MT"Drivers/STM32L4xx_HAL_Driver/Src/stm32l4xx_hal_dma_ex.o" --specs=nano.specs -mfpu=fpv4-sp-d16 -mfloat-abi=hard -mthumb -o "Drivers/STM32L4xx_HAL_Driver/Src/stm32l4xx_hal_dma_ex.o"
arm-none-eabi-gcc "../Drivers/STM32L4xx_HAL_Driver/Src/stm32l4xx_hal_exti.c" -mcpu=cortex-m4 -std=gnu11 -g3 -DDEBUG -DUSE_HAL_DRIVER -DSTM32L432xx -c -I../Core/Inc -I../Drivers/STM32L4xx_HAL_Driver/Inc -I../Drivers/STM32L4xx_HAL_Driver/Inc/Legacy -I../Drivers/CMSIS/Device/ST/STM32L4xx/Include -I../Drivers/CMSIS/Include -O0 -ffunction-sections -fdata-sections -Wall -fstack-usage -MMD -MP -MF"Drivers/STM32L4xx_HAL_Driver/Src/stm32l4xx_hal_exti.d" -MT"Drivers/STM32L4xx_HAL_Driver/Src/stm32l4xx_hal_exti.o" --specs=nano.specs -mfpu=fpv4-sp-d16 -mfloat-abi=hard -mthumb -o "Drivers/STM32L4xx_HAL_Driver/Src/stm32l4xx_hal_exti.o"
arm-none-eabi-gcc "../Drivers/STM32L4xx_HAL_Driver/Src/stm32l4xx_hal_flash.c" -mcpu=cortex-m4 -std=gnu11 -g3 -DDEBUG -DUSE_HAL_DRIVER -DSTM32L432xx -c -I../Core/Inc -I../Drivers/STM32L4xx_HAL_Driver/Inc -I../Drivers/STM32L4xx_HAL_Driver/Inc/Legacy -I../Drivers/CMSIS/Device/ST/STM32L4xx/Include -I../Drivers/CMSIS/Include -O0 -ffunction-sections -fdata-sections -Wall -fstack-usage -MMD -MP -MF"Drivers/STM32L4xx_HAL_Driver/Src/stm32l4xx_hal_flash.d" -MT"Drivers/STM32L4xx_HAL_Driver/Src/stm32l4xx_hal_flash.o" --specs=nano.specs -mfpu=fpv4-sp-d16 -mfloat-abi=hard -mthumb -o "Drivers/STM32L4xx_HAL_Driver/Src/stm32l4xx_hal_flash.o"
arm-none-eabi-gcc "../Drivers/STM32L4xx_HAL_Driver/Src/stm32l4xx_hal_flash_ex.c" -mcpu=cortex-m4 -std=gnu11 -g3 -DDEBUG -DUSE_HAL_DRIVER -DSTM32L432xx -c -I../Core/Inc -I../Drivers/STM32L4xx_HAL_Driver/Inc -I../Drivers/STM32L4xx_HAL_Driver/Inc/Legacy -I../Drivers/CMSIS/Device/ST/STM32L4xx/Include -I../Drivers/CMSIS/Include -O0 -ffunction-sections -fdata-sections -Wall -fstack-usage -MMD -MP -MF"Drivers/STM32L4xx_HAL_Driver/Src/stm32l4xx_hal_flash_ex.d" -MT"Drivers/STM32L4xx_HAL_Driver/Src/stm32l4xx_hal_flash_ex.o" --specs=nano.specs -mfpu=fpv4-sp-d16 -mfloat-abi=hard -mthumb -o "Drivers/STM32L4xx_HAL_Driver/Src/stm32l4xx_hal_flash_ex.o"
arm-none-eabi-gcc "../Drivers/STM32L4xx_HAL_Driver/Src/stm32l4xx_hal_flash_ramfunc.c" -mcpu=cortex-m4 -std=gnu11 -g3 -DDEBUG -DUSE_HAL_DRIVER -DSTM32L432xx -c -I../Core/Inc -I../Drivers/STM32L4xx_HAL_Driver/Inc -I../Drivers/STM32L4xx_HAL_Driver/Inc/Legacy -I../Drivers/CMSIS/Device/ST/STM32L4xx/Include -I../Drivers/CMSIS/Include -O0 -ffunction-sections -fdata-sections -Wall -fstack-usage -MMD -MP -MF"Drivers/STM32L4xx_HAL_Driver/Src/stm32l4xx_hal_flash_ramfunc.d" -MT"Drivers/STM32L4xx_HAL_Driver/Src/stm32l4xx_hal_flash_ramfunc.o" --specs=nano.specs -mfpu=fpv4-sp-d16 -mfloat-abi=hard -mthumb -o "Drivers/STM32L4xx_HAL_Driver/Src/stm32l4xx_hal_flash_ramfunc.o"
arm-none-eabi-gcc "../Drivers/STM32L4xx_HAL_Driver/Src/stm32l4xx_hal_gpio.c" -mcpu=cortex-m4 -std=gnu11 -g3 -DDEBUG -DUSE_HAL_DRIVER -DSTM32L432xx -c -I../Core/Inc -I../Drivers/STM32L4xx_HAL_Driver/Inc -I../Drivers/STM32L4xx_HAL_Driver/Inc/Legacy -I../Drivers/CMSIS/Device/ST/STM32L4xx/Include -I../Drivers/CMSIS/Include -O0 -ffunction-sections -fdata-sections -Wall -fstack-usage -MMD -MP -MF"Drivers/STM32L4xx_HAL_Driver/Src/stm32l4xx_hal_gpio.d" -MT"Drivers/STM32L4xx_HAL_Driver/Src/stm32l4xx_hal_gpio.o" --specs=nano.specs -mfpu=fpv4-sp-d16 -mfloat-abi=hard -mthumb -o "Drivers/STM32L4xx_HAL_Driver/Src/stm32l4xx_hal_gpio.o"
arm-none-eabi-gcc "../Drivers/STM32L4xx_HAL_Driver/Src/stm32l4xx_hal_i2c.c" -mcpu=cortex-m4 -std=gnu11 -g3 -DDEBUG -DUSE_HAL_DRIVER -DSTM32L432xx -c -I../Core/Inc -I../Drivers/STM32L4xx_HAL_Driver/Inc -I../Drivers/STM32L4xx_HAL_Driver/Inc/Legacy -I../Drivers/CMSIS/Device/ST/STM32L4xx/Include -I../Drivers/CMSIS/Include -O0 -ffunction-sections -fdata-sections -Wall -fstack-usage -MMD -MP -MF"Drivers/STM32L4xx_HAL_Driver/Src/stm32l4xx_hal_i2c.d" -MT"Drivers/STM32L4xx_HAL_Driver/Src/stm32l4xx_hal_i2c.o" --specs=nano.specs -mfpu=fpv4-sp-d16 -mfloat-abi=hard -mthumb -o "Drivers/STM32L4xx_HAL_Driver/Src/stm32l4xx_hal_i2c.o"
arm-none-eabi-gcc "../Drivers/STM32L4xx_HAL_Driver/Src/stm32l4xx_hal_i2c_ex.c" -mcpu=cortex-m4 -std=gnu11 -g3 -DDEBUG -DUSE_HAL_DRIVER -DSTM32L432xx -c -I../Core/Inc -I../Drivers/STM32L4xx_HAL_Driver/Inc -I../Drivers/STM32L4xx_HAL_Driver/Inc/Legacy -I../Drivers/CMSIS/Device/ST/STM32L4xx/Include -I../Drivers/CMSIS/Include -O0 -ffunction-sections -fdata-sections -Wall -fstack-usage -MMD -MP -MF"Drivers/STM32L4xx_HAL_Driver/Src/stm32l4xx_hal_i2c_ex.d" -MT"Drivers/STM32L4xx_HAL_Driver/Src/stm32l4xx_hal_i2c_ex.o" --specs=nano.specs -mfpu=fpv4-sp-d16 -mfloat-abi=hard -mthumb -o "Drivers/STM32L4xx_HAL_Driver/Src/stm32l4xx_hal_i2c_ex.o"
arm-none-eabi-gcc "../Drivers/STM32L4xx_HAL_Driver/Src/stm32l4xx_hal_pwr.c" -mcpu=cortex-m4 -std=gnu11 -g3 -DDEBUG -DUSE_HAL_DRIVER -DSTM32L432xx -c -I../Core/Inc -I../Drivers/STM32L4xx_HAL_Driver/Inc -I../Drivers/STM32L4xx_HAL_Driver/Inc/Legacy -I../Drivers/CMSIS/Device/ST/STM32L4xx/Include -I../Drivers/CMSIS/Include -O0 -ffunction-sections -fdata-sections -Wall -fstack-usage -MMD -MP -MF"Drivers/STM32L4xx_HAL_Driver/Src/stm32l4xx_hal_pwr.d" -MT"Drivers/STM32L4xx_HAL_Driver/Src/stm32l4xx_hal_pwr.o" --specs=nano.specs -mfpu=fpv4-sp-d16 -mfloat-abi=hard -mthumb -o "Drivers/STM32L4xx_HAL_Driver/Src/stm32l4xx_hal_pwr.o"
arm-none-eabi-gcc "../Drivers/STM32L4xx_HAL_Driver/Src/stm32l4xx_hal_pwr_ex.c" -mcpu=cortex-m4 -std=gnu11 -g3 -DDEBUG -DUSE_HAL_DRIVER -DSTM32L432xx -c -I../Core/Inc -I../Drivers/STM32L4xx_HAL_Driver/Inc -I../Drivers/STM32L4xx_HAL_Driver/Inc/Legacy -I../Drivers/CMSIS/Device/ST/STM32L4xx/Include -I../Drivers/CMSIS/Include -O0 -ffunction-sections -fdata-sections -Wall -fstack-usage -MMD -MP -MF"Drivers/STM32L4xx_HAL_Driver/Src/stm32l4xx_hal_pwr_ex.d" -MT"Drivers/STM32L4xx_HAL_Driver/Src/stm32l4xx_hal_pwr_ex.o" --specs=nano.specs -mfpu=fpv4-sp-d16 -mfloat-abi=hard -mthumb -o "Drivers/STM32L4xx_HAL_Driver/Src/stm32l4xx_hal_pwr_ex.o"
arm-none-eabi-gcc "../Drivers/STM32L4xx_HAL_Driver/Src/stm32l4xx_hal_rcc.c" -mcpu=cortex-m4 -std=gnu11 -g3 -DDEBUG -DUSE_HAL_DRIVER -DSTM32L432xx -c -I../Core/Inc -I../Drivers/STM32L4xx_HAL_Driver/Inc -I../Drivers/STM32L4xx_HAL_Driver/Inc/Legacy -I../Drivers/CMSIS/Device/ST/STM32L4xx/Include -I../Drivers/CMSIS/Include -O0 -ffunction-sections -fdata-sections -Wall -fstack-usage -MMD -MP -MF"Drivers/STM32L4xx_HAL_Driver/Src/stm32l4xx_hal_rcc.d" -MT"Drivers/STM32L4xx_HAL_Driver/Src/stm32l4xx_hal_rcc.o" --specs=nano.specs -mfpu=fpv4-sp-d16 -mfloat-abi=hard -mthumb -o "Drivers/STM32L4xx_HAL_Driver/Src/stm32l4xx_hal_rcc.o"
arm-none-eabi-gcc "../Drivers/STM32L4xx_HAL_Driver/Src/stm32l4xx_hal_rcc_ex.c" -mcpu=cortex-m4 -std=gnu11 -g3 -DDEBUG -DUSE_HAL_DRIVER -DSTM32L432xx -c -I../Core/Inc -I../Drivers/STM32L4xx_HAL_Driver/Inc -I../Drivers/STM32L4xx_HAL_Driver/Inc/Legacy -I../Drivers/CMSIS/Device/ST/STM32L4xx/Include -I../Drivers/CMSIS/Include -O0 -ffunction-sections -fdata-sections -Wall -fstack-usage -MMD -MP -MF"Drivers/STM32L4xx_HAL_Driver/Src/stm32l4xx_hal_rcc_ex.d" -MT"Drivers/STM32L4xx_HAL_Driver/Src/stm32l4xx_hal_rcc_ex.o" --specs=nano.specs -mfpu=fpv4-sp-d16 -mfloat-abi=hard -mthumb -o "Drivers/STM32L4xx_HAL_Driver/Src/stm32l4xx_hal_rcc_ex.o"
arm-none-eabi-gcc "../Drivers/STM32L4xx_HAL_Driver/Src/stm32l4xx_hal_tim.c" -mcpu=cortex-m4 -std=gnu11 -g3 -DDEBUG -DUSE_HAL_DRIVER -DSTM32L432xx -c -I../Core/Inc -I../Drivers/STM32L4xx_HAL_Driver/Inc -I../Drivers/STM32L4xx_HAL_Driver/Inc/Legacy -I../Drivers/CMSIS/Device/ST/STM32L4xx/Include -I../Drivers/CMSIS/Include -O0 -ffunction-sections -fdata-sections -Wall -fstack-usage -MMD -MP -MF"Drivers/STM32L4xx_HAL_Driver/Src/stm32l4xx_hal_tim.d" -MT"Drivers/STM32L4xx_HAL_Driver/Src/stm32l4xx_hal_tim.o" --specs=nano.specs -mfpu=fpv4-sp-d16 -mfloat-abi=hard -mthumb -o "Drivers/STM32L4xx_HAL_Driver/Src/stm32l4xx_hal_tim.o"
arm-none-eabi-gcc "../Drivers/STM32L4xx_HAL_Driver/Src/stm32l4xx_hal_tim_ex.c" -mcpu=cortex-m4 -std=gnu11 -g3 -DDEBUG -DUSE_HAL_DRIVER -DSTM32L432xx -c -I../Core/Inc -I../Drivers/STM32L4xx_HAL_Driver/Inc -I../Drivers/STM32L4xx_HAL_Driver/Inc/Legacy -I../Drivers/CMSIS/Device/ST/STM32L4xx/Include -I../Drivers/CMSIS/Include -O0 -ffunction-sections -fdata-sections -Wall -fstack-usage -MMD -MP -MF"Drivers/STM32L4xx_HAL_Driver/Src/stm32l4xx_hal_tim_ex.d" -MT"Drivers/STM32L4xx_HAL_Driver/Src/stm32l4xx_hal_tim_ex.o" --specs=nano.specs -mfpu=fpv4-sp-d16 -mfloat-abi=hard -mthumb -o "Drivers/STM32L4xx_HAL_Driver/Src/stm32l4xx_hal_tim_ex.o"
arm-none-eabi-gcc "../Drivers/STM32L4xx_HAL_Driver/Src/stm32l4xx_hal_uart.c" -mcpu=cortex-m4 -std=gnu11 -g3 -DDEBUG -DUSE_HAL_DRIVER -DSTM32L432xx -c -I../Core/Inc -I../Drivers/STM32L4xx_HAL_Driver/Inc -I../Drivers/STM32L4xx_HAL_Driver/Inc/Legacy -I../Drivers/CMSIS/Device/ST/STM32L4xx/Include -I../Drivers/CMSIS/Include -O0 -ffunction-sections -fdata-sections -Wall -fstack-usage -MMD -MP -MF"Drivers/STM32L4xx_HAL_Driver/Src/stm32l4xx_hal_uart.d" -MT"Drivers/STM32L4xx_HAL_Driver/Src/stm32l4xx_hal_uart.o" --specs=nano.specs -mfpu=fpv4-sp-d16 -mfloat-abi=hard -mthumb -o "Drivers/STM32L4xx_HAL_Driver/Src/stm32l4xx_hal_uart.o"
arm-none-eabi-gcc "../Drivers/STM32L4xx_HAL_Driver/Src/stm32l4xx_hal_uart_ex.c" -mcpu=cortex-m4 -std=gnu11 -g3 -DDEBUG -DUSE_HAL_DRIVER -DSTM32L432xx -c -I../Core/Inc -I../Drivers/STM32L4xx_HAL_Driver/Inc -I../Drivers/STM32L4xx_HAL_Driver/Inc/Legacy -I../Drivers/CMSIS/Device/ST/STM32L4xx/Include -I../Drivers/CMSIS/Include -O0 -ffunction-sections -fdata-sections -Wall -fstack-usage -MMD -MP -MF"Drivers/STM32L4xx_HAL_Driver/Src/stm32l4xx_hal_uart_ex.d" -MT"Drivers/STM32L4xx_HAL_Driver/Src/stm32l4xx_hal_uart_ex.o" --specs=nano.specs -mfpu=fpv4-sp-d16 -mfloat-abi=hard -mthumb -o "Drivers/STM32L4xx_HAL_Driver/Src/stm32l4xx_hal_uart_ex.o"
arm-none-eabi-gcc -mcpu=cortex-m4 -g3 -DDEBUG -c -x assembler-with-cpp -MMD -MP -MF"Core/Startup/startup_stm32l432kcux.d" -MT"Core/Startup/startup_stm32l432kcux.o" --specs=nano.specs -mfpu=fpv4-sp-d16 -mfloat-abi=hard -mthumb -o "Core/Startup/startup_stm32l432kcux.o" "../Core/Startup/startup_stm32l432kcux.s"
arm-none-eabi-gcc "../Core/Src/main.c" -mcpu=cortex-m4 -std=gnu11 -g3 -DDEBUG -DUSE_HAL_DRIVER -DSTM32L432xx -c -I../Core/Inc -I../Drivers/STM32L4xx_HAL_Driver/Inc -I../Drivers/STM32L4xx_HAL_Driver/Inc/Legacy -I../Drivers/CMSIS/Device/ST/STM32L4xx/Include -I../Drivers/CMSIS/Include -O0 -ffunction-sections -fdata-sections -Wall -fstack-usage -MMD -MP -MF"Core/Src/main.d" -MT"Core/Src/main.o" --specs=nano.specs -mfpu=fpv4-sp-d16 -mfloat-abi=hard -mthumb -o "Core/Src/main.o"
arm-none-eabi-gcc "../Core/Src/stm32l4xx_hal_msp.c" -mcpu=cortex-m4 -std=gnu11 -g3 -DDEBUG -DUSE_HAL_DRIVER -DSTM32L432xx -c -I../Core/Inc -I../Drivers/STM32L4xx_HAL_Driver/Inc -I../Drivers/STM32L4xx_HAL_Driver/Inc/Legacy -I../Drivers/CMSIS/Device/ST/STM32L4xx/Include -I../Drivers/CMSIS/Include -O0 -ffunction-sections -fdata-sections -Wall -fstack-usage -MMD -MP -MF"Core/Src/stm32l4xx_hal_msp.d" -MT"Core/Src/stm32l4xx_hal_msp.o" --specs=nano.specs -mfpu=fpv4-sp-d16 -mfloat-abi=hard -mthumb -o "Core/Src/stm32l4xx_hal_msp.o"
arm-none-eabi-gcc "../Core/Src/stm32l4xx_it.c" -mcpu=cortex-m4 -std=gnu11 -g3 -DDEBUG -DUSE_HAL_DRIVER -DSTM32L432xx -c -I../Core/Inc -I../Drivers/STM32L4xx_HAL_Driver/Inc -I../Drivers/STM32L4xx_HAL_Driver/Inc/Legacy -I../Drivers/CMSIS/Device/ST/STM32L4xx/Include -I../Drivers/CMSIS/Include -O0 -ffunction-sections -fdata-sections -Wall -fstack-usage -MMD -MP -MF"Core/Src/stm32l4xx_it.d" -MT"Core/Src/stm32l4xx_it.o" --specs=nano.specs -mfpu=fpv4-sp-d16 -mfloat-abi=hard -mthumb -o "Core/Src/stm32l4xx_it.o"
../Core/Src/main.c: In function 'main':
../Core/Src/main.c:96:32: warning: overflow in conversion from 'int' to 'signed char' changes value from '1100' to '76' [-Woverflow]
   96 |   int8_t passcodes[10] = {0011,1100,2345,5443,6989,7890,0000,6789,3456,3298};
      |                                ^~~~
../Core/Src/main.c:96:37: warning: overflow in conversion from 'int' to 'signed char' changes value from '2345' to '41' [-Woverflow]
   96 |   int8_t passcodes[10] = {0011,1100,2345,5443,6989,7890,0000,6789,3456,3298};
      |                                     ^~~~
../Core/Src/main.c:96:42: warning: overflow in conversion from 'int' to 'signed char' changes value from '5443' to '67' [-Woverflow]
   96 |   int8_t passcodes[10] = {0011,1100,2345,5443,6989,7890,0000,6789,3456,3298};
      |                                          ^~~~
../Core/Src/main.c:96:47: warning: overflow in conversion from 'int' to 'signed char' changes value from '6989' to '77' [-Woverflow]
   96 |   int8_t passcodes[10] = {0011,1100,2345,5443,6989,7890,0000,6789,3456,3298};
      |                                               ^~~~
../Core/Src/main.c:96:52: warning: overflow in conversion from 'int' to 'signed char' changes value from '7890' to '-46' [-Woverflow]
   96 |   int8_t passcodes[10] = {0011,1100,2345,5443,6989,7890,0000,6789,3456,3298};
      |                                                    ^~~~
../Core/Src/main.c:96:62: warning: overflow in conversion from 'int' to 'signed char' changes value from '6789' to '-123' [-Woverflow]
   96 |   int8_t passcodes[10] = {0011,1100,2345,5443,6989,7890,0000,6789,3456,3298};
      |                                                              ^~~~
../Core/Src/main.c:96:67: warning: overflow in conversion from 'int' to 'signed char' changes value from '3456' to '-128' [-Woverflow]
   96 |   int8_t passcodes[10] = {0011,1100,2345,5443,6989,7890,0000,6789,3456,3298};
      |                                                                   ^~~~
../Core/Src/main.c:96:72: warning: overflow in conversion from 'int' to 'signed char' changes value from '3298' to '-30' [-Woverflow]
   96 |   int8_t passcodes[10] = {0011,1100,2345,5443,6989,7890,0000,6789,3456,3298};
      |                                                                        ^~~~
../Core/Src/main.c:102:4: warning: implicit declaration of function 'scanf' [-Wimplicit-function-declaration]
  102 |    scanf("Please Enter the passcode %d",&recievePasscode);
      |    ^~~~~
../Core/Src/main.c:102:4: warning: incompatible implicit declaration of built-in function 'scanf'
../Core/Src/main.c:21:1: note: include '<stdio.h>' or provide a declaration of 'scanf'
   20 | #include "main.h"
  +++ |+#include <stdio.h>
   21 | 
../Core/Src/main.c:102:38: warning: format '%d' expects argument of type 'int *', but argument 2 has type 'int8_t *' {aka 'signed char *'} [-Wformat=]
  102 |    scanf("Please Enter the passcode %d",&recievePasscode);
      |                                     ~^  ~~~~~~~~~~~~~~~~
      |                                      |  |
      |                                      |  int8_t * {aka signed char *}
      |                                      int *
      |                                     %hhd
../Core/Src/main.c:114:5: warning: implicit declaration of function 'printf' [-Wimplicit-function-declaration]
  114 |     printf("Access Granted!\n\r");
      |     ^~~~~~
../Core/Src/main.c:114:5: warning: incompatible implicit declaration of built-in function 'printf'
../Core/Src/main.c:114:5: note: include '<stdio.h>' or provide a declaration of 'printf'
../Core/Src/main.c:116:5: warning: incompatible implicit declaration of built-in function 'printf'
  116 |     printf("Access Denied\n\r");
      |     ^~~~~~
../Core/Src/main.c:116:5: note: include '<stdio.h>' or provide a declaration of 'printf'
arm-none-eabi-gcc "../Core/Src/syscalls.c" -mcpu=cortex-m4 -std=gnu11 -g3 -DDEBUG -DUSE_HAL_DRIVER -DSTM32L432xx -c -I../Core/Inc -I../Drivers/STM32L4xx_HAL_Driver/Inc -I../Drivers/STM32L4xx_HAL_Driver/Inc/Legacy -I../Drivers/CMSIS/Device/ST/STM32L4xx/Include -I../Drivers/CMSIS/Include -O0 -ffunction-sections -fdata-sections -Wall -fstack-usage -MMD -MP -MF"Core/Src/syscalls.d" -MT"Core/Src/syscalls.o" --specs=nano.specs -mfpu=fpv4-sp-d16 -mfloat-abi=hard -mthumb -o "Core/Src/syscalls.o"
../Core/Src/syscalls.c: In function '_read':
../Core/Src/syscalls.c:78:9: error: unknown type name 'UART_HandleTypeDef'
   78 |  extern UART_HandleTypeDef huart2;
      |         ^~~~~~~~~~~~~~~~~~
../Core/Src/syscalls.c:80:5: warning: implicit declaration of function 'HAL_UART_Receive' [-Wimplicit-function-declaration]
   80 |  if(HAL_UART_Receive(&huart2, (uint8_t *)ptr, len, HAL_MAX_DELAY) != HAL_OK){
      |     ^~~~~~~~~~~~~~~~
../Core/Src/syscalls.c:80:52: error: 'HAL_MAX_DELAY' undeclared (first use in this function)
   80 |  if(HAL_UART_Receive(&huart2, (uint8_t *)ptr, len, HAL_MAX_DELAY) != HAL_OK){
      |                                                    ^~~~~~~~~~~~~
../Core/Src/syscalls.c:80:52: note: each undeclared identifier is reported only once for each function it appears in
../Core/Src/syscalls.c:80:70: error: 'HAL_OK' undeclared (first use in this function)
   80 |  if(HAL_UART_Receive(&huart2, (uint8_t *)ptr, len, HAL_MAX_DELAY) != HAL_OK){
      |                                                                      ^~~~~~
../Core/Src/syscalls.c: In function '_write':
../Core/Src/syscalls.c:96:9: error: unknown type name 'UART_HandleTypeDef'
   96 |  extern UART_HandleTypeDef huart2;
      |         ^~~~~~~~~~~~~~~~~~
../Core/Src/syscalls.c:97:2: error: unknown type name 'HAL_StatusTypeDef'
   97 |  HAL_StatusTypeDef result = HAL_OK;
      |  ^~~~~~~~~~~~~~~~~
../Core/Src/syscalls.c:97:29: error: 'HAL_OK' undeclared (first use in this function)
   97 |  HAL_StatusTypeDef result = HAL_OK;
      |                             ^~~~~~
../Core/Src/syscalls.c:99:11: warning: implicit declaration of function 'HAL_UART_Transmit' [-Wimplicit-function-declaration]
   99 |  result = HAL_UART_Transmit(&huart2, (uint8_t *)ptr, len, HAL_MAX_DELAY);
      |           ^~~~~~~~~~~~~~~~~
../Core/Src/syscalls.c:99:59: error: 'HAL_MAX_DELAY' undeclared (first use in this function)
   99 |  result = HAL_UART_Transmit(&huart2, (uint8_t *)ptr, len, HAL_MAX_DELAY);
      |                                                           ^~~~~~~~~~~~~
../Core/Src/syscalls.c:100:15: error: 'HAL_ERROR' undeclared (first use in this function)
  100 |  if(result == HAL_ERROR || result == HAL_BUSY){
      |               ^~~~~~~~~
../Core/Src/syscalls.c:100:38: error: 'HAL_BUSY' undeclared (first use in this function)
  100 |  if(result == HAL_ERROR || result == HAL_BUSY){
      |                                      ^~~~~~~~
../Core/Src/syscalls.c:101:3: warning: implicit declaration of function 'Error_Handler' [-Wimplicit-function-declaration]
  101 |   Error_Handler();
      |   ^~~~~~~~~~~~~
make: *** [Core/Src/subdir.mk:34: Core/Src/syscalls.o] Error 1
make: *** Waiting for unfinished jobs....
"make -j4 all" terminated with exit code 2. Build might be incomplete.
17:24:21 **** Incremental Build of configuration Debug for project rgrewalassignment2 ****
make -j4 all 
arm-none-eabi-gcc "../Core/Src/main.c" -mcpu=cortex-m4 -std=gnu11 -g3 -DDEBUG -DUSE_HAL_DRIVER -DSTM32L432xx -c -I../Core/Inc -I../Drivers/STM32L4xx_HAL_Driver/Inc -I../Drivers/STM32L4xx_HAL_Driver/Inc/Legacy -I../Drivers/CMSIS/Device/ST/STM32L4xx/Include -I../Drivers/CMSIS/Include -O0 -ffunction-sections -fdata-sections -Wall -fstack-usage -MMD -MP -MF"Core/Src/main.d" -MT"Core/Src/main.o" --specs=nano.specs -mfpu=fpv4-sp-d16 -mfloat-abi=hard -mthumb -o "Core/Src/main.o"
arm-none-eabi-gcc "../Core/Src/syscalls.c" -mcpu=cortex-m4 -std=gnu11 -g3 -DDEBUG -DUSE_HAL_DRIVER -DSTM32L432xx -c -I../Core/Inc -I../Drivers/STM32L4xx_HAL_Driver/Inc -I../Drivers/STM32L4xx_HAL_Driver/Inc/Legacy -I../Drivers/CMSIS/Device/ST/STM32L4xx/Include -I../Drivers/CMSIS/Include -O0 -ffunction-sections -fdata-sections -Wall -fstack-usage -MMD -MP -MF"Core/Src/syscalls.d" -MT"Core/Src/syscalls.o" --specs=nano.specs -mfpu=fpv4-sp-d16 -mfloat-abi=hard -mthumb -o "Core/Src/syscalls.o"
arm-none-eabi-gcc "../Core/Src/sysmem.c" -mcpu=cortex-m4 -std=gnu11 -g3 -DDEBUG -DUSE_HAL_DRIVER -DSTM32L432xx -c -I../Core/Inc -I../Drivers/STM32L4xx_HAL_Driver/Inc -I../Drivers/STM32L4xx_HAL_Driver/Inc/Legacy -I../Drivers/CMSIS/Device/ST/STM32L4xx/Include -I../Drivers/CMSIS/Include -O0 -ffunction-sections -fdata-sections -Wall -fstack-usage -MMD -MP -MF"Core/Src/sysmem.d" -MT"Core/Src/sysmem.o" --specs=nano.specs -mfpu=fpv4-sp-d16 -mfloat-abi=hard -mthumb -o "Core/Src/sysmem.o"
arm-none-eabi-gcc "../Core/Src/system_stm32l4xx.c" -mcpu=cortex-m4 -std=gnu11 -g3 -DDEBUG -DUSE_HAL_DRIVER -DSTM32L432xx -c -I../Core/Inc -I../Drivers/STM32L4xx_HAL_Driver/Inc -I../Drivers/STM32L4xx_HAL_Driver/Inc/Legacy -I../Drivers/CMSIS/Device/ST/STM32L4xx/Include -I../Drivers/CMSIS/Include -O0 -ffunction-sections -fdata-sections -Wall -fstack-usage -MMD -MP -MF"Core/Src/system_stm32l4xx.d" -MT"Core/Src/system_stm32l4xx.o" --specs=nano.specs -mfpu=fpv4-sp-d16 -mfloat-abi=hard -mthumb -o "Core/Src/system_stm32l4xx.o"
../Core/Src/main.c: In function 'main':
../Core/Src/main.c:97:32: warning: overflow in conversion from 'int' to 'signed char' changes value from '1100' to '76' [-Woverflow]
   97 |   int8_t passcodes[10] = {0011,1100,2345,5443,6989,7890,0000,6789,3456,3298};
      |                                ^~~~
../Core/Src/main.c:97:37: warning: overflow in conversion from 'int' to 'signed char' changes value from '2345' to '41' [-Woverflow]
   97 |   int8_t passcodes[10] = {0011,1100,2345,5443,6989,7890,0000,6789,3456,3298};
      |                                     ^~~~
../Core/Src/main.c:97:42: warning: overflow in conversion from 'int' to 'signed char' changes value from '5443' to '67' [-Woverflow]
   97 |   int8_t passcodes[10] = {0011,1100,2345,5443,6989,7890,0000,6789,3456,3298};
      |                                          ^~~~
../Core/Src/main.c:97:47: warning: overflow in conversion from 'int' to 'signed char' changes value from '6989' to '77' [-Woverflow]
   97 |   int8_t passcodes[10] = {0011,1100,2345,5443,6989,7890,0000,6789,3456,3298};
      |                                               ^~~~
../Core/Src/main.c:97:52: warning: overflow in conversion from 'int' to 'signed char' changes value from '7890' to '-46' [-Woverflow]
   97 |   int8_t passcodes[10] = {0011,1100,2345,5443,6989,7890,0000,6789,3456,3298};
      |                                                    ^~~~
../Core/Src/main.c:97:62: warning: overflow in conversion from 'int' to 'signed char' changes value from '6789' to '-123' [-Woverflow]
   97 |   int8_t passcodes[10] = {0011,1100,2345,5443,6989,7890,0000,6789,3456,3298};
      |                                                              ^~~~
../Core/Src/main.c:97:67: warning: overflow in conversion from 'int' to 'signed char' changes value from '3456' to '-128' [-Woverflow]
   97 |   int8_t passcodes[10] = {0011,1100,2345,5443,6989,7890,0000,6789,3456,3298};
      |                                                                   ^~~~
../Core/Src/main.c:97:72: warning: overflow in conversion from 'int' to 'signed char' changes value from '3298' to '-30' [-Woverflow]
   97 |   int8_t passcodes[10] = {0011,1100,2345,5443,6989,7890,0000,6789,3456,3298};
      |                                                                        ^~~~
../Core/Src/main.c:103:4: warning: implicit declaration of function 'scanf' [-Wimplicit-function-declaration]
  103 |    scanf("Please Enter the passcode %d",&recievePasscode);
      |    ^~~~~
../Core/Src/main.c:103:4: warning: incompatible implicit declaration of built-in function 'scanf'
../Core/Src/main.c:21:1: note: include '<stdio.h>' or provide a declaration of 'scanf'
   20 | #include "main.h"
  +++ |+#include <stdio.h>
   21 | 
../Core/Src/main.c:103:38: warning: format '%d' expects argument of type 'int *', but argument 2 has type 'int8_t *' {aka 'signed char *'} [-Wformat=]
  103 |    scanf("Please Enter the passcode %d",&recievePasscode);
      |                                     ~^  ~~~~~~~~~~~~~~~~
      |                                      |  |
      |                                      |  int8_t * {aka signed char *}
      |                                      int *
      |                                     %hhd
../Core/Src/main.c:115:5: warning: implicit declaration of function 'printf' [-Wimplicit-function-declaration]
  115 |     printf("Access Granted!\n\r");
      |     ^~~~~~
../Core/Src/main.c:115:5: warning: incompatible implicit declaration of built-in function 'printf'
../Core/Src/main.c:115:5: note: include '<stdio.h>' or provide a declaration of 'printf'
../Core/Src/main.c:117:5: warning: incompatible implicit declaration of built-in function 'printf'
  117 |     printf("Access Denied\n\r");
      |     ^~~~~~
../Core/Src/main.c:117:5: note: include '<stdio.h>' or provide a declaration of 'printf'
arm-none-eabi-gcc -o "rgrewalassignment2.elf" @"objects.list"   -mcpu=cortex-m4 -T"C:\Users\rajka\OneDrive - Conestoga College\Embedded System\Semester 1\Embedded System\Weeks\Week 6\Assignment 2\rgrewalassignment2\STM32L432KCUX_FLASH.ld" --specs=nosys.specs -Wl,-Map="rgrewalassignment2.map" -Wl,--gc-sections -static --specs=nano.specs -mfpu=fpv4-sp-d16 -mfloat-abi=hard -mthumb -Wl,--start-group -lc -lm -Wl,--end-group
Finished building target: rgrewalassignment2.elf
 
arm-none-eabi-size   rgrewalassignment2.elf 
arm-none-eabi-objdump -h -S  rgrewalassignment2.elf  > "rgrewalassignment2.list"
   text	   data	    bss	    dec	    hex	filename
  19856	    120	   1720	  21696	   54c0	rgrewalassignment2.elf
Finished building: default.size.stdout
 
Finished building: rgrewalassignment2.list
 
17:24:33 **** Incremental Build of configuration Debug for project rgrewalassignment2 ****
make -j4 all 
arm-none-eabi-size   rgrewalassignment2.elf 
   text	   data	    bss	    dec	    hex	filename
  19856	    120	   1720	  21696	   54c0	rgrewalassignment2.elf
Finished building: default.size.stdout
 
17:26:33 **** Incremental Build of configuration Debug for project rgrewalassignment2 ****
make -j4 all 
arm-none-eabi-gcc "../Core/Src/main.c" -mcpu=cortex-m4 -std=gnu11 -g3 -DDEBUG -DUSE_HAL_DRIVER -DSTM32L432xx -c -I../Core/Inc -I../Drivers/STM32L4xx_HAL_Driver/Inc -I../Drivers/STM32L4xx_HAL_Driver/Inc/Legacy -I../Drivers/CMSIS/Device/ST/STM32L4xx/Include -I../Drivers/CMSIS/Include -O0 -ffunction-sections -fdata-sections -Wall -fstack-usage -MMD -MP -MF"Core/Src/main.d" -MT"Core/Src/main.o" --specs=nano.specs -mfpu=fpv4-sp-d16 -mfloat-abi=hard -mthumb -o "Core/Src/main.o"
../Core/Src/main.c: In function 'main':
../Core/Src/main.c:97:32: warning: overflow in conversion from 'int' to 'signed char' changes value from '1100' to '76' [-Woverflow]
   97 |   int8_t passcodes[10] = {0011,1100,2345,5443,6989,7890,0000,6789,3456,3298};
      |                                ^~~~
../Core/Src/main.c:97:37: warning: overflow in conversion from 'int' to 'signed char' changes value from '2345' to '41' [-Woverflow]
   97 |   int8_t passcodes[10] = {0011,1100,2345,5443,6989,7890,0000,6789,3456,3298};
      |                                     ^~~~
../Core/Src/main.c:97:42: warning: overflow in conversion from 'int' to 'signed char' changes value from '5443' to '67' [-Woverflow]
   97 |   int8_t passcodes[10] = {0011,1100,2345,5443,6989,7890,0000,6789,3456,3298};
      |                                          ^~~~
../Core/Src/main.c:97:47: warning: overflow in conversion from 'int' to 'signed char' changes value from '6989' to '77' [-Woverflow]
   97 |   int8_t passcodes[10] = {0011,1100,2345,5443,6989,7890,0000,6789,3456,3298};
      |                                               ^~~~
../Core/Src/main.c:97:52: warning: overflow in conversion from 'int' to 'signed char' changes value from '7890' to '-46' [-Woverflow]
   97 |   int8_t passcodes[10] = {0011,1100,2345,5443,6989,7890,0000,6789,3456,3298};
      |                                                    ^~~~
../Core/Src/main.c:97:62: warning: overflow in conversion from 'int' to 'signed char' changes value from '6789' to '-123' [-Woverflow]
   97 |   int8_t passcodes[10] = {0011,1100,2345,5443,6989,7890,0000,6789,3456,3298};
      |                                                              ^~~~
../Core/Src/main.c:97:67: warning: overflow in conversion from 'int' to 'signed char' changes value from '3456' to '-128' [-Woverflow]
   97 |   int8_t passcodes[10] = {0011,1100,2345,5443,6989,7890,0000,6789,3456,3298};
      |                                                                   ^~~~
../Core/Src/main.c:97:72: warning: overflow in conversion from 'int' to 'signed char' changes value from '3298' to '-30' [-Woverflow]
   97 |   int8_t passcodes[10] = {0011,1100,2345,5443,6989,7890,0000,6789,3456,3298};
      |                                                                        ^~~~
../Core/Src/main.c:103:4: warning: implicit declaration of function 'scanf' [-Wimplicit-function-declaration]
  103 |    scanf("Please Enter the passcode %d",&recievePasscode);
      |    ^~~~~
../Core/Src/main.c:103:4: warning: incompatible implicit declaration of built-in function 'scanf'
../Core/Src/main.c:21:1: note: include '<stdio.h>' or provide a declaration of 'scanf'
   20 | #include "main.h"
  +++ |+#include <stdio.h>
   21 | 
../Core/Src/main.c:103:38: warning: format '%d' expects argument of type 'int *', but argument 2 has type 'int8_t *' {aka 'signed char *'} [-Wformat=]
  103 |    scanf("Please Enter the passcode %d",&recievePasscode);
      |                                     ~^  ~~~~~~~~~~~~~~~~
      |                                      |  |
      |                                      |  int8_t * {aka signed char *}
      |                                      int *
      |                                     %hhd
../Core/Src/main.c:104:4: warning: implicit declaration of function 'HAL_DELAY' [-Wimplicit-function-declaration]
  104 |    HAL_DELAY(1000);
      |    ^~~~~~~~~
../Core/Src/main.c:116:5: warning: implicit declaration of function 'printf' [-Wimplicit-function-declaration]
  116 |     printf("Access Granted!\n\r");
      |     ^~~~~~
../Core/Src/main.c:116:5: warning: incompatible implicit declaration of built-in function 'printf'
../Core/Src/main.c:116:5: note: include '<stdio.h>' or provide a declaration of 'printf'
../Core/Src/main.c:118:5: warning: incompatible implicit declaration of built-in function 'printf'
  118 |     printf("Access Denied\n\r");
      |     ^~~~~~
../Core/Src/main.c:118:5: note: include '<stdio.h>' or provide a declaration of 'printf'
arm-none-eabi-gcc -o "rgrewalassignment2.elf" @"objects.list"   -mcpu=cortex-m4 -T"C:\Users\rajka\OneDrive - Conestoga College\Embedded System\Semester 1\Embedded System\Weeks\Week 6\Assignment 2\rgrewalassignment2\STM32L432KCUX_FLASH.ld" --specs=nosys.specs -Wl,-Map="rgrewalassignment2.map" -Wl,--gc-sections -static --specs=nano.specs -mfpu=fpv4-sp-d16 -mfloat-abi=hard -mthumb -Wl,--start-group -lc -lm -Wl,--end-group
c:\st\stm32cubeide_1.11.2\stm32cubeide\plugins\com.st.stm32cube.ide.mcu.externaltools.gnu-tools-for-stm32.10.3-2021.10.win32_1.0.100.202210260954\tools\arm-none-eabi\bin\ld.exe: ./Core/Src/main.o: in function `main':
C:/Users/rajka/OneDrive - Conestoga College/Embedded System/Semester 1/Embedded System/Weeks/Week 6/Assignment 2/rgrewalassignment2/Debug/../Core/Src/main.c:104: undefined reference to `HAL_DELAY'
c:\st\stm32cubeide_1.11.2\stm32cubeide\plugins\com.st.stm32cube.ide.mcu.externaltools.gnu-tools-for-stm32.10.3-2021.10.win32_1.0.100.202210260954\tools\arm-none-eabi\bin\ld.exe: C:/Users/rajka/OneDrive - Conestoga College/Embedded System/Semester 1/Embedded System/Weeks/Week 6/Assignment 2/rgrewalassignment2/Debug/../Core/Src/main.c:120: undefined reference to `HAL_DELAY'
collect2.exe: error: ld returned 1 exit status
make: *** [makefile:64: rgrewalassignment2.elf] Error 1
"make -j4 all" terminated with exit code 2. Build might be incomplete.
17:27:23 **** Incremental Build of configuration Debug for project rgrewalassignment2 ****
make -j4 all 
arm-none-eabi-gcc "../Core/Src/main.c" -mcpu=cortex-m4 -std=gnu11 -g3 -DDEBUG -DUSE_HAL_DRIVER -DSTM32L432xx -c -I../Core/Inc -I../Drivers/STM32L4xx_HAL_Driver/Inc -I../Drivers/STM32L4xx_HAL_Driver/Inc/Legacy -I../Drivers/CMSIS/Device/ST/STM32L4xx/Include -I../Drivers/CMSIS/Include -O0 -ffunction-sections -fdata-sections -Wall -fstack-usage -MMD -MP -MF"Core/Src/main.d" -MT"Core/Src/main.o" --specs=nano.specs -mfpu=fpv4-sp-d16 -mfloat-abi=hard -mthumb -o "Core/Src/main.o"
../Core/Src/main.c: In function 'main':
../Core/Src/main.c:97:32: warning: overflow in conversion from 'int' to 'signed char' changes value from '1100' to '76' [-Woverflow]
   97 |   int8_t passcodes[10] = {0011,1100,2345,5443,6989,7890,0000,6789,3456,3298};
      |                                ^~~~
../Core/Src/main.c:97:37: warning: overflow in conversion from 'int' to 'signed char' changes value from '2345' to '41' [-Woverflow]
   97 |   int8_t passcodes[10] = {0011,1100,2345,5443,6989,7890,0000,6789,3456,3298};
      |                                     ^~~~
../Core/Src/main.c:97:42: warning: overflow in conversion from 'int' to 'signed char' changes value from '5443' to '67' [-Woverflow]
   97 |   int8_t passcodes[10] = {0011,1100,2345,5443,6989,7890,0000,6789,3456,3298};
      |                                          ^~~~
../Core/Src/main.c:97:47: warning: overflow in conversion from 'int' to 'signed char' changes value from '6989' to '77' [-Woverflow]
   97 |   int8_t passcodes[10] = {0011,1100,2345,5443,6989,7890,0000,6789,3456,3298};
      |                                               ^~~~
../Core/Src/main.c:97:52: warning: overflow in conversion from 'int' to 'signed char' changes value from '7890' to '-46' [-Woverflow]
   97 |   int8_t passcodes[10] = {0011,1100,2345,5443,6989,7890,0000,6789,3456,3298};
      |                                                    ^~~~
../Core/Src/main.c:97:62: warning: overflow in conversion from 'int' to 'signed char' changes value from '6789' to '-123' [-Woverflow]
   97 |   int8_t passcodes[10] = {0011,1100,2345,5443,6989,7890,0000,6789,3456,3298};
      |                                                              ^~~~
../Core/Src/main.c:97:67: warning: overflow in conversion from 'int' to 'signed char' changes value from '3456' to '-128' [-Woverflow]
   97 |   int8_t passcodes[10] = {0011,1100,2345,5443,6989,7890,0000,6789,3456,3298};
      |                                                                   ^~~~
../Core/Src/main.c:97:72: warning: overflow in conversion from 'int' to 'signed char' changes value from '3298' to '-30' [-Woverflow]
   97 |   int8_t passcodes[10] = {0011,1100,2345,5443,6989,7890,0000,6789,3456,3298};
      |                                                                        ^~~~
../Core/Src/main.c:103:4: warning: implicit declaration of function 'scanf' [-Wimplicit-function-declaration]
  103 |    scanf("Please Enter the passcode %d",&recievePasscode);
      |    ^~~~~
../Core/Src/main.c:103:4: warning: incompatible implicit declaration of built-in function 'scanf'
../Core/Src/main.c:21:1: note: include '<stdio.h>' or provide a declaration of 'scanf'
   20 | #include "main.h"
  +++ |+#include <stdio.h>
   21 | 
../Core/Src/main.c:103:38: warning: format '%d' expects argument of type 'int *', but argument 2 has type 'int8_t *' {aka 'signed char *'} [-Wformat=]
  103 |    scanf("Please Enter the passcode %d",&recievePasscode);
      |                                     ~^  ~~~~~~~~~~~~~~~~
      |                                      |  |
      |                                      |  int8_t * {aka signed char *}
      |                                      int *
      |                                     %hhd
../Core/Src/main.c:116:5: warning: implicit declaration of function 'printf' [-Wimplicit-function-declaration]
  116 |     printf("Access Granted!\n\r");
      |     ^~~~~~
../Core/Src/main.c:116:5: warning: incompatible implicit declaration of built-in function 'printf'
../Core/Src/main.c:116:5: note: include '<stdio.h>' or provide a declaration of 'printf'
../Core/Src/main.c:118:5: warning: incompatible implicit declaration of built-in function 'printf'
  118 |     printf("Access Denied\n\r");
      |     ^~~~~~
../Core/Src/main.c:118:5: note: include '<stdio.h>' or provide a declaration of 'printf'
arm-none-eabi-gcc -o "rgrewalassignment2.elf" @"objects.list"   -mcpu=cortex-m4 -T"C:\Users\rajka\OneDrive - Conestoga College\Embedded System\Semester 1\Embedded System\Weeks\Week 6\Assignment 2\rgrewalassignment2\STM32L432KCUX_FLASH.ld" --specs=nosys.specs -Wl,-Map="rgrewalassignment2.map" -Wl,--gc-sections -static --specs=nano.specs -mfpu=fpv4-sp-d16 -mfloat-abi=hard -mthumb -Wl,--start-group -lc -lm -Wl,--end-group
Finished building target: rgrewalassignment2.elf
 
arm-none-eabi-size   rgrewalassignment2.elf 
arm-none-eabi-objdump -h -S  rgrewalassignment2.elf  > "rgrewalassignment2.list"
   text	   data	    bss	    dec	    hex	filename
  19944	    120	   1720	  21784	   5518	rgrewalassignment2.elf
Finished building: default.size.stdout
 
Finished building: rgrewalassignment2.list
 
17:28:22 **** Incremental Build of configuration Debug for project rgrewalassignment2 ****
make -j4 all 
arm-none-eabi-gcc "../Core/Src/main.c" -mcpu=cortex-m4 -std=gnu11 -g3 -DDEBUG -DUSE_HAL_DRIVER -DSTM32L432xx -c -I../Core/Inc -I../Drivers/STM32L4xx_HAL_Driver/Inc -I../Drivers/STM32L4xx_HAL_Driver/Inc/Legacy -I../Drivers/CMSIS/Device/ST/STM32L4xx/Include -I../Drivers/CMSIS/Include -O0 -ffunction-sections -fdata-sections -Wall -fstack-usage -MMD -MP -MF"Core/Src/main.d" -MT"Core/Src/main.o" --specs=nano.specs -mfpu=fpv4-sp-d16 -mfloat-abi=hard -mthumb -o "Core/Src/main.o"
../Core/Src/main.c: In function 'main':
../Core/Src/main.c:97:32: warning: overflow in conversion from 'int' to 'signed char' changes value from '1100' to '76' [-Woverflow]
   97 |   int8_t passcodes[10] = {0011,1100,2345,5443,6989,7890,0000,6789,3456,3298};
      |                                ^~~~
../Core/Src/main.c:97:37: warning: overflow in conversion from 'int' to 'signed char' changes value from '2345' to '41' [-Woverflow]
   97 |   int8_t passcodes[10] = {0011,1100,2345,5443,6989,7890,0000,6789,3456,3298};
      |                                     ^~~~
../Core/Src/main.c:97:42: warning: overflow in conversion from 'int' to 'signed char' changes value from '5443' to '67' [-Woverflow]
   97 |   int8_t passcodes[10] = {0011,1100,2345,5443,6989,7890,0000,6789,3456,3298};
      |                                          ^~~~
../Core/Src/main.c:97:47: warning: overflow in conversion from 'int' to 'signed char' changes value from '6989' to '77' [-Woverflow]
   97 |   int8_t passcodes[10] = {0011,1100,2345,5443,6989,7890,0000,6789,3456,3298};
      |                                               ^~~~
../Core/Src/main.c:97:52: warning: overflow in conversion from 'int' to 'signed char' changes value from '7890' to '-46' [-Woverflow]
   97 |   int8_t passcodes[10] = {0011,1100,2345,5443,6989,7890,0000,6789,3456,3298};
      |                                                    ^~~~
../Core/Src/main.c:97:62: warning: overflow in conversion from 'int' to 'signed char' changes value from '6789' to '-123' [-Woverflow]
   97 |   int8_t passcodes[10] = {0011,1100,2345,5443,6989,7890,0000,6789,3456,3298};
      |                                                              ^~~~
../Core/Src/main.c:97:67: warning: overflow in conversion from 'int' to 'signed char' changes value from '3456' to '-128' [-Woverflow]
   97 |   int8_t passcodes[10] = {0011,1100,2345,5443,6989,7890,0000,6789,3456,3298};
      |                                                                   ^~~~
../Core/Src/main.c:97:72: warning: overflow in conversion from 'int' to 'signed char' changes value from '3298' to '-30' [-Woverflow]
   97 |   int8_t passcodes[10] = {0011,1100,2345,5443,6989,7890,0000,6789,3456,3298};
      |                                                                        ^~~~
../Core/Src/main.c:103:4: warning: implicit declaration of function 'printf' [-Wimplicit-function-declaration]
  103 |    printf("Please Enter the passcode\n\r");
      |    ^~~~~~
../Core/Src/main.c:103:4: warning: incompatible implicit declaration of built-in function 'printf'
../Core/Src/main.c:21:1: note: include '<stdio.h>' or provide a declaration of 'printf'
   20 | #include "main.h"
  +++ |+#include <stdio.h>
   21 | 
../Core/Src/main.c:104:4: warning: implicit declaration of function 'scanf' [-Wimplicit-function-declaration]
  104 |    scanf("%d",&recievePasscode);
      |    ^~~~~
../Core/Src/main.c:104:4: warning: incompatible implicit declaration of built-in function 'scanf'
../Core/Src/main.c:104:4: note: include '<stdio.h>' or provide a declaration of 'scanf'
../Core/Src/main.c:104:12: warning: format '%d' expects argument of type 'int *', but argument 2 has type 'int8_t *' {aka 'signed char *'} [-Wformat=]
  104 |    scanf("%d",&recievePasscode);
      |           ~^  ~~~~~~~~~~~~~~~~
      |            |  |
      |            |  int8_t * {aka signed char *}
      |            int *
      |           %hhd
arm-none-eabi-gcc -o "rgrewalassignment2.elf" @"objects.list"   -mcpu=cortex-m4 -T"C:\Users\rajka\OneDrive - Conestoga College\Embedded System\Semester 1\Embedded System\Weeks\Week 6\Assignment 2\rgrewalassignment2\STM32L432KCUX_FLASH.ld" --specs=nosys.specs -Wl,-Map="rgrewalassignment2.map" -Wl,--gc-sections -static --specs=nano.specs -mfpu=fpv4-sp-d16 -mfloat-abi=hard -mthumb -Wl,--start-group -lc -lm -Wl,--end-group
Finished building target: rgrewalassignment2.elf
 
arm-none-eabi-size   rgrewalassignment2.elf 
arm-none-eabi-objdump -h -S  rgrewalassignment2.elf  > "rgrewalassignment2.list"
   text	   data	    bss	    dec	    hex	filename
  19952	    120	   1720	  21792	   5520	rgrewalassignment2.elf
Finished building: default.size.stdout
 
Finished building: rgrewalassignment2.list
 
17:30:00 **** Incremental Build of configuration Debug for project rgrewalassignment2 ****
make -j4 all 
arm-none-eabi-gcc "../Core/Src/main.c" -mcpu=cortex-m4 -std=gnu11 -g3 -DDEBUG -DUSE_HAL_DRIVER -DSTM32L432xx -c -I../Core/Inc -I../Drivers/STM32L4xx_HAL_Driver/Inc -I../Drivers/STM32L4xx_HAL_Driver/Inc/Legacy -I../Drivers/CMSIS/Device/ST/STM32L4xx/Include -I../Drivers/CMSIS/Include -O0 -ffunction-sections -fdata-sections -Wall -fstack-usage -MMD -MP -MF"Core/Src/main.d" -MT"Core/Src/main.o" --specs=nano.specs -mfpu=fpv4-sp-d16 -mfloat-abi=hard -mthumb -o "Core/Src/main.o"
../Core/Src/main.c: In function 'main':
../Core/Src/main.c:97:32: warning: overflow in conversion from 'int' to 'signed char' changes value from '1100' to '76' [-Woverflow]
   97 |   int8_t passcodes[10] = {0011,1100,2345,5443,6989,7890,0000,6789,3456,3298};
      |                                ^~~~
../Core/Src/main.c:97:37: warning: overflow in conversion from 'int' to 'signed char' changes value from '2345' to '41' [-Woverflow]
   97 |   int8_t passcodes[10] = {0011,1100,2345,5443,6989,7890,0000,6789,3456,3298};
      |                                     ^~~~
../Core/Src/main.c:97:42: warning: overflow in conversion from 'int' to 'signed char' changes value from '5443' to '67' [-Woverflow]
   97 |   int8_t passcodes[10] = {0011,1100,2345,5443,6989,7890,0000,6789,3456,3298};
      |                                          ^~~~
../Core/Src/main.c:97:47: warning: overflow in conversion from 'int' to 'signed char' changes value from '6989' to '77' [-Woverflow]
   97 |   int8_t passcodes[10] = {0011,1100,2345,5443,6989,7890,0000,6789,3456,3298};
      |                                               ^~~~
../Core/Src/main.c:97:52: warning: overflow in conversion from 'int' to 'signed char' changes value from '7890' to '-46' [-Woverflow]
   97 |   int8_t passcodes[10] = {0011,1100,2345,5443,6989,7890,0000,6789,3456,3298};
      |                                                    ^~~~
../Core/Src/main.c:97:62: warning: overflow in conversion from 'int' to 'signed char' changes value from '6789' to '-123' [-Woverflow]
   97 |   int8_t passcodes[10] = {0011,1100,2345,5443,6989,7890,0000,6789,3456,3298};
      |                                                              ^~~~
../Core/Src/main.c:97:67: warning: overflow in conversion from 'int' to 'signed char' changes value from '3456' to '-128' [-Woverflow]
   97 |   int8_t passcodes[10] = {0011,1100,2345,5443,6989,7890,0000,6789,3456,3298};
      |                                                                   ^~~~
../Core/Src/main.c:97:72: warning: overflow in conversion from 'int' to 'signed char' changes value from '3298' to '-30' [-Woverflow]
   97 |   int8_t passcodes[10] = {0011,1100,2345,5443,6989,7890,0000,6789,3456,3298};
      |                                                                        ^~~~
../Core/Src/main.c:103:4: warning: implicit declaration of function 'printf' [-Wimplicit-function-declaration]
  103 |    printf("Please Enter the passcode\n\r");
      |    ^~~~~~
../Core/Src/main.c:103:4: warning: incompatible implicit declaration of built-in function 'printf'
../Core/Src/main.c:21:1: note: include '<stdio.h>' or provide a declaration of 'printf'
   20 | #include "main.h"
  +++ |+#include <stdio.h>
   21 | 
../Core/Src/main.c:104:4: warning: implicit declaration of function 'scanf' [-Wimplicit-function-declaration]
  104 |    scanf("%i",&recievePasscode);
      |    ^~~~~
../Core/Src/main.c:104:4: warning: incompatible implicit declaration of built-in function 'scanf'
../Core/Src/main.c:104:4: note: include '<stdio.h>' or provide a declaration of 'scanf'
../Core/Src/main.c:104:12: warning: format '%i' expects argument of type 'int *', but argument 2 has type 'int8_t *' {aka 'signed char *'} [-Wformat=]
  104 |    scanf("%i",&recievePasscode);
      |           ~^  ~~~~~~~~~~~~~~~~
      |            |  |
      |            |  int8_t * {aka signed char *}
      |            int *
      |           %hhi
arm-none-eabi-gcc -o "rgrewalassignment2.elf" @"objects.list"   -mcpu=cortex-m4 -T"C:\Users\rajka\OneDrive - Conestoga College\Embedded System\Semester 1\Embedded System\Weeks\Week 6\Assignment 2\rgrewalassignment2\STM32L432KCUX_FLASH.ld" --specs=nosys.specs -Wl,-Map="rgrewalassignment2.map" -Wl,--gc-sections -static --specs=nano.specs -mfpu=fpv4-sp-d16 -mfloat-abi=hard -mthumb -Wl,--start-group -lc -lm -Wl,--end-group
Finished building target: rgrewalassignment2.elf
 
arm-none-eabi-size   rgrewalassignment2.elf 
arm-none-eabi-objdump -h -S  rgrewalassignment2.elf  > "rgrewalassignment2.list"
   text	   data	    bss	    dec	    hex	filename
  19952	    120	   1720	  21792	   5520	rgrewalassignment2.elf
Finished building: default.size.stdout
 
Finished building: rgrewalassignment2.list
 
17:31:26 **** Incremental Build of configuration Debug for project rgrewalassignment2 ****
make -j4 all 
arm-none-eabi-gcc "../Core/Src/syscalls.c" -mcpu=cortex-m4 -std=gnu11 -g3 -DDEBUG -DUSE_HAL_DRIVER -DSTM32L432xx -c -I../Core/Inc -I../Drivers/STM32L4xx_HAL_Driver/Inc -I../Drivers/STM32L4xx_HAL_Driver/Inc/Legacy -I../Drivers/CMSIS/Device/ST/STM32L4xx/Include -I../Drivers/CMSIS/Include -O0 -ffunction-sections -fdata-sections -Wall -fstack-usage -MMD -MP -MF"Core/Src/syscalls.d" -MT"Core/Src/syscalls.o" --specs=nano.specs -mfpu=fpv4-sp-d16 -mfloat-abi=hard -mthumb -o "Core/Src/syscalls.o"
../Core/Src/syscalls.c: In function '_read':
../Core/Src/syscalls.c:83:2: warning: implicit declaration of function 'HAL_UART_Recieve'; did you mean 'HAL_UART_Receive'? [-Wimplicit-function-declaration]
   83 |  HAL_UART_Recieve(&huart2, ptr, 1, HAL_MAX_DELAY);
      |  ^~~~~~~~~~~~~~~~
      |  HAL_UART_Receive
arm-none-eabi-gcc -o "rgrewalassignment2.elf" @"objects.list"   -mcpu=cortex-m4 -T"C:\Users\rajka\OneDrive - Conestoga College\Embedded System\Semester 1\Embedded System\Weeks\Week 6\Assignment 2\rgrewalassignment2\STM32L432KCUX_FLASH.ld" --specs=nosys.specs -Wl,-Map="rgrewalassignment2.map" -Wl,--gc-sections -static --specs=nano.specs -mfpu=fpv4-sp-d16 -mfloat-abi=hard -mthumb -Wl,--start-group -lc -lm -Wl,--end-group
c:\st\stm32cubeide_1.11.2\stm32cubeide\plugins\com.st.stm32cube.ide.mcu.externaltools.gnu-tools-for-stm32.10.3-2021.10.win32_1.0.100.202210260954\tools\arm-none-eabi\bin\ld.exe: ./Core/Src/syscalls.o: in function `_read':
C:/Users/rajka/OneDrive - Conestoga College/Embedded System/Semester 1/Embedded System/Weeks/Week 6/Assignment 2/rgrewalassignment2/Debug/../Core/Src/syscalls.c:83: undefined reference to `HAL_UART_Recieve'
collect2.exe: error: ld returned 1 exit status
make: *** [makefile:64: rgrewalassignment2.elf] Error 1
"make -j4 all" terminated with exit code 2. Build might be incomplete.
17:32:00 **** Incremental Build of configuration Debug for project rgrewalassignment2 ****
make -j4 all 
arm-none-eabi-gcc "../Core/Src/syscalls.c" -mcpu=cortex-m4 -std=gnu11 -g3 -DDEBUG -DUSE_HAL_DRIVER -DSTM32L432xx -c -I../Core/Inc -I../Drivers/STM32L4xx_HAL_Driver/Inc -I../Drivers/STM32L4xx_HAL_Driver/Inc/Legacy -I../Drivers/CMSIS/Device/ST/STM32L4xx/Include -I../Drivers/CMSIS/Include -O0 -ffunction-sections -fdata-sections -Wall -fstack-usage -MMD -MP -MF"Core/Src/syscalls.d" -MT"Core/Src/syscalls.o" --specs=nano.specs -mfpu=fpv4-sp-d16 -mfloat-abi=hard -mthumb -o "Core/Src/syscalls.o"
../Core/Src/syscalls.c: In function '_read':
../Core/Src/syscalls.c:83:28: warning: pointer targets in passing argument 2 of 'HAL_UART_Receive' differ in signedness [-Wpointer-sign]
   83 |  HAL_UART_Receive(&huart2, ptr, 1, HAL_MAX_DELAY);
      |                            ^~~
      |                            |
      |                            char *
In file included from ../Core/Inc/stm32l4xx_hal_conf.h:450,
                 from ../Drivers/STM32L4xx_HAL_Driver/Inc/stm32l4xx_hal.h:29,
                 from ../Core/Src/syscalls.c:32:
../Drivers/STM32L4xx_HAL_Driver/Inc/stm32l4xx_hal_uart.h:1675:72: note: expected 'uint8_t *' {aka 'unsigned char *'} but argument is of type 'char *'
 1675 | HAL_StatusTypeDef HAL_UART_Receive(UART_HandleTypeDef *huart, uint8_t *pData, uint16_t Size, uint32_t Timeout);
      |                                                               ~~~~~~~~~^~~~~
arm-none-eabi-gcc -o "rgrewalassignment2.elf" @"objects.list"   -mcpu=cortex-m4 -T"C:\Users\rajka\OneDrive - Conestoga College\Embedded System\Semester 1\Embedded System\Weeks\Week 6\Assignment 2\rgrewalassignment2\STM32L432KCUX_FLASH.ld" --specs=nosys.specs -Wl,-Map="rgrewalassignment2.map" -Wl,--gc-sections -static --specs=nano.specs -mfpu=fpv4-sp-d16 -mfloat-abi=hard -mthumb -Wl,--start-group -lc -lm -Wl,--end-group
Finished building target: rgrewalassignment2.elf
 
arm-none-eabi-size   rgrewalassignment2.elf 
arm-none-eabi-objdump -h -S  rgrewalassignment2.elf  > "rgrewalassignment2.list"
   text	   data	    bss	    dec	    hex	filename
  19932	    120	   1720	  21772	   550c	rgrewalassignment2.elf
Finished building: default.size.stdout
 
Finished building: rgrewalassignment2.list
 
17:33:47 **** Incremental Build of configuration Debug for project rgrewalassignment2 ****
make -j4 all 
arm-none-eabi-gcc "../Core/Src/main.c" -mcpu=cortex-m4 -std=gnu11 -g3 -DDEBUG -DUSE_HAL_DRIVER -DSTM32L432xx -c -I../Core/Inc -I../Drivers/STM32L4xx_HAL_Driver/Inc -I../Drivers/STM32L4xx_HAL_Driver/Inc/Legacy -I../Drivers/CMSIS/Device/ST/STM32L4xx/Include -I../Drivers/CMSIS/Include -O0 -ffunction-sections -fdata-sections -Wall -fstack-usage -MMD -MP -MF"Core/Src/main.d" -MT"Core/Src/main.o" --specs=nano.specs -mfpu=fpv4-sp-d16 -mfloat-abi=hard -mthumb -o "Core/Src/main.o"
../Core/Src/main.c: In function 'main':
../Core/Src/main.c:97:32: warning: overflow in conversion from 'int' to 'signed char' changes value from '1100' to '76' [-Woverflow]
   97 |   int8_t passcodes[10] = {0011,1100,2345,5443,6989,7890,0000,6789,3456,3298};
      |                                ^~~~
../Core/Src/main.c:97:37: warning: overflow in conversion from 'int' to 'signed char' changes value from '2345' to '41' [-Woverflow]
   97 |   int8_t passcodes[10] = {0011,1100,2345,5443,6989,7890,0000,6789,3456,3298};
      |                                     ^~~~
../Core/Src/main.c:97:42: warning: overflow in conversion from 'int' to 'signed char' changes value from '5443' to '67' [-Woverflow]
   97 |   int8_t passcodes[10] = {0011,1100,2345,5443,6989,7890,0000,6789,3456,3298};
      |                                          ^~~~
../Core/Src/main.c:97:47: warning: overflow in conversion from 'int' to 'signed char' changes value from '6989' to '77' [-Woverflow]
   97 |   int8_t passcodes[10] = {0011,1100,2345,5443,6989,7890,0000,6789,3456,3298};
      |                                               ^~~~
../Core/Src/main.c:97:52: warning: overflow in conversion from 'int' to 'signed char' changes value from '7890' to '-46' [-Woverflow]
   97 |   int8_t passcodes[10] = {0011,1100,2345,5443,6989,7890,0000,6789,3456,3298};
      |                                                    ^~~~
../Core/Src/main.c:97:62: warning: overflow in conversion from 'int' to 'signed char' changes value from '6789' to '-123' [-Woverflow]
   97 |   int8_t passcodes[10] = {0011,1100,2345,5443,6989,7890,0000,6789,3456,3298};
      |                                                              ^~~~
../Core/Src/main.c:97:67: warning: overflow in conversion from 'int' to 'signed char' changes value from '3456' to '-128' [-Woverflow]
   97 |   int8_t passcodes[10] = {0011,1100,2345,5443,6989,7890,0000,6789,3456,3298};
      |                                                                   ^~~~
../Core/Src/main.c:97:72: warning: overflow in conversion from 'int' to 'signed char' changes value from '3298' to '-30' [-Woverflow]
   97 |   int8_t passcodes[10] = {0011,1100,2345,5443,6989,7890,0000,6789,3456,3298};
      |                                                                        ^~~~
../Core/Src/main.c:103:4: warning: implicit declaration of function 'printf' [-Wimplicit-function-declaration]
  103 |    printf("Please Enter the passcode\n\r");
      |    ^~~~~~
../Core/Src/main.c:103:4: warning: incompatible implicit declaration of built-in function 'printf'
../Core/Src/main.c:21:1: note: include '<stdio.h>' or provide a declaration of 'printf'
   20 | #include "main.h"
  +++ |+#include <stdio.h>
   21 | 
../Core/Src/main.c:104:4: warning: implicit declaration of function 'scanf' [-Wimplicit-function-declaration]
  104 |    scanf("%d",&recievePasscode);
      |    ^~~~~
../Core/Src/main.c:104:4: warning: incompatible implicit declaration of built-in function 'scanf'
../Core/Src/main.c:104:4: note: include '<stdio.h>' or provide a declaration of 'scanf'
../Core/Src/main.c:104:12: warning: format '%d' expects argument of type 'int *', but argument 2 has type 'int8_t *' {aka 'signed char *'} [-Wformat=]
  104 |    scanf("%d",&recievePasscode);
      |           ~^  ~~~~~~~~~~~~~~~~
      |            |  |
      |            |  int8_t * {aka signed char *}
      |            int *
      |           %hhd
../Core/Src/main.c:116:41: error: 'receivePasscode' undeclared (first use in this function); did you mean 'recievePasscode'?
  116 |    printf("The passcode Entered is %d", receivePasscode);
      |                                         ^~~~~~~~~~~~~~~
      |                                         recievePasscode
../Core/Src/main.c:116:41: note: each undeclared identifier is reported only once for each function it appears in
make: *** [Core/Src/subdir.mk:34: Core/Src/main.o] Error 1
"make -j4 all" terminated with exit code 2. Build might be incomplete.
17:34:21 **** Incremental Build of configuration Debug for project rgrewalassignment2 ****
make -j4 all 
arm-none-eabi-gcc "../Core/Src/main.c" -mcpu=cortex-m4 -std=gnu11 -g3 -DDEBUG -DUSE_HAL_DRIVER -DSTM32L432xx -c -I../Core/Inc -I../Drivers/STM32L4xx_HAL_Driver/Inc -I../Drivers/STM32L4xx_HAL_Driver/Inc/Legacy -I../Drivers/CMSIS/Device/ST/STM32L4xx/Include -I../Drivers/CMSIS/Include -O0 -ffunction-sections -fdata-sections -Wall -fstack-usage -MMD -MP -MF"Core/Src/main.d" -MT"Core/Src/main.o" --specs=nano.specs -mfpu=fpv4-sp-d16 -mfloat-abi=hard -mthumb -o "Core/Src/main.o"
../Core/Src/main.c: In function 'main':
../Core/Src/main.c:97:32: warning: overflow in conversion from 'int' to 'signed char' changes value from '1100' to '76' [-Woverflow]
   97 |   int8_t passcodes[10] = {0011,1100,2345,5443,6989,7890,0000,6789,3456,3298};
      |                                ^~~~
../Core/Src/main.c:97:37: warning: overflow in conversion from 'int' to 'signed char' changes value from '2345' to '41' [-Woverflow]
   97 |   int8_t passcodes[10] = {0011,1100,2345,5443,6989,7890,0000,6789,3456,3298};
      |                                     ^~~~
../Core/Src/main.c:97:42: warning: overflow in conversion from 'int' to 'signed char' changes value from '5443' to '67' [-Woverflow]
   97 |   int8_t passcodes[10] = {0011,1100,2345,5443,6989,7890,0000,6789,3456,3298};
      |                                          ^~~~
../Core/Src/main.c:97:47: warning: overflow in conversion from 'int' to 'signed char' changes value from '6989' to '77' [-Woverflow]
   97 |   int8_t passcodes[10] = {0011,1100,2345,5443,6989,7890,0000,6789,3456,3298};
      |                                               ^~~~
../Core/Src/main.c:97:52: warning: overflow in conversion from 'int' to 'signed char' changes value from '7890' to '-46' [-Woverflow]
   97 |   int8_t passcodes[10] = {0011,1100,2345,5443,6989,7890,0000,6789,3456,3298};
      |                                                    ^~~~
../Core/Src/main.c:97:62: warning: overflow in conversion from 'int' to 'signed char' changes value from '6789' to '-123' [-Woverflow]
   97 |   int8_t passcodes[10] = {0011,1100,2345,5443,6989,7890,0000,6789,3456,3298};
      |                                                              ^~~~
../Core/Src/main.c:97:67: warning: overflow in conversion from 'int' to 'signed char' changes value from '3456' to '-128' [-Woverflow]
   97 |   int8_t passcodes[10] = {0011,1100,2345,5443,6989,7890,0000,6789,3456,3298};
      |                                                                   ^~~~
../Core/Src/main.c:97:72: warning: overflow in conversion from 'int' to 'signed char' changes value from '3298' to '-30' [-Woverflow]
   97 |   int8_t passcodes[10] = {0011,1100,2345,5443,6989,7890,0000,6789,3456,3298};
      |                                                                        ^~~~
../Core/Src/main.c:103:4: warning: implicit declaration of function 'printf' [-Wimplicit-function-declaration]
  103 |    printf("\nPlease Enter the passcode\n\r");
      |    ^~~~~~
../Core/Src/main.c:103:4: warning: incompatible implicit declaration of built-in function 'printf'
../Core/Src/main.c:21:1: note: include '<stdio.h>' or provide a declaration of 'printf'
   20 | #include "main.h"
  +++ |+#include <stdio.h>
   21 | 
../Core/Src/main.c:104:4: warning: implicit declaration of function 'scanf' [-Wimplicit-function-declaration]
  104 |    scanf("%i",&recievePasscode);
      |    ^~~~~
../Core/Src/main.c:104:4: warning: incompatible implicit declaration of built-in function 'scanf'
../Core/Src/main.c:104:4: note: include '<stdio.h>' or provide a declaration of 'scanf'
../Core/Src/main.c:104:12: warning: format '%i' expects argument of type 'int *', but argument 2 has type 'int8_t *' {aka 'signed char *'} [-Wformat=]
  104 |    scanf("%i",&recievePasscode);
      |           ~^  ~~~~~~~~~~~~~~~~
      |            |  |
      |            |  int8_t * {aka signed char *}
      |            int *
      |           %hhi
../Core/Src/main.c:116:41: error: 'receivePasscode' undeclared (first use in this function); did you mean 'recievePasscode'?
  116 |    printf("The passcode Entered is %d", receivePasscode);
      |                                         ^~~~~~~~~~~~~~~
      |                                         recievePasscode
../Core/Src/main.c:116:41: note: each undeclared identifier is reported only once for each function it appears in
make: *** [Core/Src/subdir.mk:34: Core/Src/main.o] Error 1
"make -j4 all" terminated with exit code 2. Build might be incomplete.
17:34:34 **** Incremental Build of configuration Debug for project rgrewalassignment2 ****
make -j4 all 
arm-none-eabi-gcc "../Core/Src/main.c" -mcpu=cortex-m4 -std=gnu11 -g3 -DDEBUG -DUSE_HAL_DRIVER -DSTM32L432xx -c -I../Core/Inc -I../Drivers/STM32L4xx_HAL_Driver/Inc -I../Drivers/STM32L4xx_HAL_Driver/Inc/Legacy -I../Drivers/CMSIS/Device/ST/STM32L4xx/Include -I../Drivers/CMSIS/Include -O0 -ffunction-sections -fdata-sections -Wall -fstack-usage -MMD -MP -MF"Core/Src/main.d" -MT"Core/Src/main.o" --specs=nano.specs -mfpu=fpv4-sp-d16 -mfloat-abi=hard -mthumb -o "Core/Src/main.o"
../Core/Src/main.c: In function 'main':
../Core/Src/main.c:97:32: warning: overflow in conversion from 'int' to 'signed char' changes value from '1100' to '76' [-Woverflow]
   97 |   int8_t passcodes[10] = {0011,1100,2345,5443,6989,7890,0000,6789,3456,3298};
      |                                ^~~~
../Core/Src/main.c:97:37: warning: overflow in conversion from 'int' to 'signed char' changes value from '2345' to '41' [-Woverflow]
   97 |   int8_t passcodes[10] = {0011,1100,2345,5443,6989,7890,0000,6789,3456,3298};
      |                                     ^~~~
../Core/Src/main.c:97:42: warning: overflow in conversion from 'int' to 'signed char' changes value from '5443' to '67' [-Woverflow]
   97 |   int8_t passcodes[10] = {0011,1100,2345,5443,6989,7890,0000,6789,3456,3298};
      |                                          ^~~~
../Core/Src/main.c:97:47: warning: overflow in conversion from 'int' to 'signed char' changes value from '6989' to '77' [-Woverflow]
   97 |   int8_t passcodes[10] = {0011,1100,2345,5443,6989,7890,0000,6789,3456,3298};
      |                                               ^~~~
../Core/Src/main.c:97:52: warning: overflow in conversion from 'int' to 'signed char' changes value from '7890' to '-46' [-Woverflow]
   97 |   int8_t passcodes[10] = {0011,1100,2345,5443,6989,7890,0000,6789,3456,3298};
      |                                                    ^~~~
../Core/Src/main.c:97:62: warning: overflow in conversion from 'int' to 'signed char' changes value from '6789' to '-123' [-Woverflow]
   97 |   int8_t passcodes[10] = {0011,1100,2345,5443,6989,7890,0000,6789,3456,3298};
      |                                                              ^~~~
../Core/Src/main.c:97:67: warning: overflow in conversion from 'int' to 'signed char' changes value from '3456' to '-128' [-Woverflow]
   97 |   int8_t passcodes[10] = {0011,1100,2345,5443,6989,7890,0000,6789,3456,3298};
      |                                                                   ^~~~
../Core/Src/main.c:97:72: warning: overflow in conversion from 'int' to 'signed char' changes value from '3298' to '-30' [-Woverflow]
   97 |   int8_t passcodes[10] = {0011,1100,2345,5443,6989,7890,0000,6789,3456,3298};
      |                                                                        ^~~~
../Core/Src/main.c:103:4: warning: implicit declaration of function 'printf' [-Wimplicit-function-declaration]
  103 |    printf("\nPlease Enter the passcode\n\r");
      |    ^~~~~~
../Core/Src/main.c:103:4: warning: incompatible implicit declaration of built-in function 'printf'
../Core/Src/main.c:21:1: note: include '<stdio.h>' or provide a declaration of 'printf'
   20 | #include "main.h"
  +++ |+#include <stdio.h>
   21 | 
../Core/Src/main.c:104:4: warning: implicit declaration of function 'scanf' [-Wimplicit-function-declaration]
  104 |    scanf("%i",&recievePasscode);
      |    ^~~~~
../Core/Src/main.c:104:4: warning: incompatible implicit declaration of built-in function 'scanf'
../Core/Src/main.c:104:4: note: include '<stdio.h>' or provide a declaration of 'scanf'
../Core/Src/main.c:104:12: warning: format '%i' expects argument of type 'int *', but argument 2 has type 'int8_t *' {aka 'signed char *'} [-Wformat=]
  104 |    scanf("%i",&recievePasscode);
      |           ~^  ~~~~~~~~~~~~~~~~
      |            |  |
      |            |  int8_t * {aka signed char *}
      |            int *
      |           %hhi
../Core/Src/main.c:116:41: error: 'receivePasscode' undeclared (first use in this function); did you mean 'recievePasscode'?
  116 |    printf("The passcode Entered is %i", receivePasscode);
      |                                         ^~~~~~~~~~~~~~~
      |                                         recievePasscode
../Core/Src/main.c:116:41: note: each undeclared identifier is reported only once for each function it appears in
make: *** [Core/Src/subdir.mk:34: Core/Src/main.o] Error 1
"make -j4 all" terminated with exit code 2. Build might be incomplete.
17:35:19 **** Incremental Build of configuration Debug for project rgrewalassignment2 ****
make -j4 all 
arm-none-eabi-gcc "../Core/Src/main.c" -mcpu=cortex-m4 -std=gnu11 -g3 -DDEBUG -DUSE_HAL_DRIVER -DSTM32L432xx -c -I../Core/Inc -I../Drivers/STM32L4xx_HAL_Driver/Inc -I../Drivers/STM32L4xx_HAL_Driver/Inc/Legacy -I../Drivers/CMSIS/Device/ST/STM32L4xx/Include -I../Drivers/CMSIS/Include -O0 -ffunction-sections -fdata-sections -Wall -fstack-usage -MMD -MP -MF"Core/Src/main.d" -MT"Core/Src/main.o" --specs=nano.specs -mfpu=fpv4-sp-d16 -mfloat-abi=hard -mthumb -o "Core/Src/main.o"
../Core/Src/main.c: In function 'main':
../Core/Src/main.c:97:32: warning: overflow in conversion from 'int' to 'signed char' changes value from '1100' to '76' [-Woverflow]
   97 |   int8_t passcodes[10] = {0011,1100,2345,5443,6989,7890,0000,6789,3456,3298};
      |                                ^~~~
../Core/Src/main.c:97:37: warning: overflow in conversion from 'int' to 'signed char' changes value from '2345' to '41' [-Woverflow]
   97 |   int8_t passcodes[10] = {0011,1100,2345,5443,6989,7890,0000,6789,3456,3298};
      |                                     ^~~~
../Core/Src/main.c:97:42: warning: overflow in conversion from 'int' to 'signed char' changes value from '5443' to '67' [-Woverflow]
   97 |   int8_t passcodes[10] = {0011,1100,2345,5443,6989,7890,0000,6789,3456,3298};
      |                                          ^~~~
../Core/Src/main.c:97:47: warning: overflow in conversion from 'int' to 'signed char' changes value from '6989' to '77' [-Woverflow]
   97 |   int8_t passcodes[10] = {0011,1100,2345,5443,6989,7890,0000,6789,3456,3298};
      |                                               ^~~~
../Core/Src/main.c:97:52: warning: overflow in conversion from 'int' to 'signed char' changes value from '7890' to '-46' [-Woverflow]
   97 |   int8_t passcodes[10] = {0011,1100,2345,5443,6989,7890,0000,6789,3456,3298};
      |                                                    ^~~~
../Core/Src/main.c:97:62: warning: overflow in conversion from 'int' to 'signed char' changes value from '6789' to '-123' [-Woverflow]
   97 |   int8_t passcodes[10] = {0011,1100,2345,5443,6989,7890,0000,6789,3456,3298};
      |                                                              ^~~~
../Core/Src/main.c:97:67: warning: overflow in conversion from 'int' to 'signed char' changes value from '3456' to '-128' [-Woverflow]
   97 |   int8_t passcodes[10] = {0011,1100,2345,5443,6989,7890,0000,6789,3456,3298};
      |                                                                   ^~~~
../Core/Src/main.c:97:72: warning: overflow in conversion from 'int' to 'signed char' changes value from '3298' to '-30' [-Woverflow]
   97 |   int8_t passcodes[10] = {0011,1100,2345,5443,6989,7890,0000,6789,3456,3298};
      |                                                                        ^~~~
../Core/Src/main.c:103:4: warning: implicit declaration of function 'printf' [-Wimplicit-function-declaration]
  103 |    printf("\nPlease Enter the passcode\n\r");
      |    ^~~~~~
../Core/Src/main.c:103:4: warning: incompatible implicit declaration of built-in function 'printf'
../Core/Src/main.c:21:1: note: include '<stdio.h>' or provide a declaration of 'printf'
   20 | #include "main.h"
  +++ |+#include <stdio.h>
   21 | 
../Core/Src/main.c:104:4: warning: implicit declaration of function 'scanf' [-Wimplicit-function-declaration]
  104 |    scanf("%i",&receivePasscode);
      |    ^~~~~
../Core/Src/main.c:104:4: warning: incompatible implicit declaration of built-in function 'scanf'
../Core/Src/main.c:104:4: note: include '<stdio.h>' or provide a declaration of 'scanf'
../Core/Src/main.c:104:12: warning: format '%i' expects argument of type 'int *', but argument 2 has type 'int8_t *' {aka 'signed char *'} [-Wformat=]
  104 |    scanf("%i",&receivePasscode);
      |           ~^  ~~~~~~~~~~~~~~~~
      |            |  |
      |            |  int8_t * {aka signed char *}
      |            int *
      |           %hhi
arm-none-eabi-gcc -o "rgrewalassignment2.elf" @"objects.list"   -mcpu=cortex-m4 -T"C:\Users\rajka\OneDrive - Conestoga College\Embedded System\Semester 1\Embedded System\Weeks\Week 6\Assignment 2\rgrewalassignment2\STM32L432KCUX_FLASH.ld" --specs=nosys.specs -Wl,-Map="rgrewalassignment2.map" -Wl,--gc-sections -static --specs=nano.specs -mfpu=fpv4-sp-d16 -mfloat-abi=hard -mthumb -Wl,--start-group -lc -lm -Wl,--end-group
Finished building target: rgrewalassignment2.elf
 
arm-none-eabi-size   rgrewalassignment2.elf 
arm-none-eabi-objdump -h -S  rgrewalassignment2.elf  > "rgrewalassignment2.list"
   text	   data	    bss	    dec	    hex	filename
  19980	    120	   1720	  21820	   553c	rgrewalassignment2.elf
Finished building: default.size.stdout
 
Finished building: rgrewalassignment2.list
 
17:41:45 **** Incremental Build of configuration Debug for project rgrewalassignment2 ****
make -j4 all 
arm-none-eabi-gcc "../Core/Src/main.c" -mcpu=cortex-m4 -std=gnu11 -g3 -DDEBUG -DUSE_HAL_DRIVER -DSTM32L432xx -c -I../Core/Inc -I../Drivers/STM32L4xx_HAL_Driver/Inc -I../Drivers/STM32L4xx_HAL_Driver/Inc/Legacy -I../Drivers/CMSIS/Device/ST/STM32L4xx/Include -I../Drivers/CMSIS/Include -O0 -ffunction-sections -fdata-sections -Wall -fstack-usage -MMD -MP -MF"Core/Src/main.d" -MT"Core/Src/main.o" --specs=nano.specs -mfpu=fpv4-sp-d16 -mfloat-abi=hard -mthumb -o "Core/Src/main.o"
../Core/Src/main.c: In function 'main':
../Core/Src/main.c:97:32: warning: overflow in conversion from 'int' to 'signed char' changes value from '1100' to '76' [-Woverflow]
   97 |   int8_t passcodes[10] = {0011,1100,2345,5443,6989,7890,0000,6789,3456,3298};
      |                                ^~~~
../Core/Src/main.c:97:37: warning: overflow in conversion from 'int' to 'signed char' changes value from '2345' to '41' [-Woverflow]
   97 |   int8_t passcodes[10] = {0011,1100,2345,5443,6989,7890,0000,6789,3456,3298};
      |                                     ^~~~
../Core/Src/main.c:97:42: warning: overflow in conversion from 'int' to 'signed char' changes value from '5443' to '67' [-Woverflow]
   97 |   int8_t passcodes[10] = {0011,1100,2345,5443,6989,7890,0000,6789,3456,3298};
      |                                          ^~~~
../Core/Src/main.c:97:47: warning: overflow in conversion from 'int' to 'signed char' changes value from '6989' to '77' [-Woverflow]
   97 |   int8_t passcodes[10] = {0011,1100,2345,5443,6989,7890,0000,6789,3456,3298};
      |                                               ^~~~
../Core/Src/main.c:97:52: warning: overflow in conversion from 'int' to 'signed char' changes value from '7890' to '-46' [-Woverflow]
   97 |   int8_t passcodes[10] = {0011,1100,2345,5443,6989,7890,0000,6789,3456,3298};
      |                                                    ^~~~
../Core/Src/main.c:97:62: warning: overflow in conversion from 'int' to 'signed char' changes value from '6789' to '-123' [-Woverflow]
   97 |   int8_t passcodes[10] = {0011,1100,2345,5443,6989,7890,0000,6789,3456,3298};
      |                                                              ^~~~
../Core/Src/main.c:97:67: warning: overflow in conversion from 'int' to 'signed char' changes value from '3456' to '-128' [-Woverflow]
   97 |   int8_t passcodes[10] = {0011,1100,2345,5443,6989,7890,0000,6789,3456,3298};
      |                                                                   ^~~~
../Core/Src/main.c:97:72: warning: overflow in conversion from 'int' to 'signed char' changes value from '3298' to '-30' [-Woverflow]
   97 |   int8_t passcodes[10] = {0011,1100,2345,5443,6989,7890,0000,6789,3456,3298};
      |                                                                        ^~~~
../Core/Src/main.c:103:4: warning: implicit declaration of function 'printf' [-Wimplicit-function-declaration]
  103 |    printf("\nPlease Enter the passcode\n\r");
      |    ^~~~~~
../Core/Src/main.c:103:4: warning: incompatible implicit declaration of built-in function 'printf'
../Core/Src/main.c:22:1: note: include '<stdio.h>' or provide a declaration of 'printf'
   21 | #include <inttypes.h>
  +++ |+#include <stdio.h>
   22 | /* Private includes ----------------------------------------------------------*/
../Core/Src/main.c:104:4: warning: implicit declaration of function 'scanf' [-Wimplicit-function-declaration]
  104 |    scanf( "%d",&receivePasscode);
      |    ^~~~~
../Core/Src/main.c:104:4: warning: incompatible implicit declaration of built-in function 'scanf'
../Core/Src/main.c:104:4: note: include '<stdio.h>' or provide a declaration of 'scanf'
arm-none-eabi-gcc -o "rgrewalassignment2.elf" @"objects.list"   -mcpu=cortex-m4 -T"C:\Users\rajka\OneDrive - Conestoga College\Embedded System\Semester 1\Embedded System\Weeks\Week 6\Assignment 2\rgrewalassignment2\STM32L432KCUX_FLASH.ld" --specs=nosys.specs -Wl,-Map="rgrewalassignment2.map" -Wl,--gc-sections -static --specs=nano.specs -mfpu=fpv4-sp-d16 -mfloat-abi=hard -mthumb -Wl,--start-group -lc -lm -Wl,--end-group
Finished building target: rgrewalassignment2.elf
 
arm-none-eabi-size   rgrewalassignment2.elf 
arm-none-eabi-objdump -h -S  rgrewalassignment2.elf  > "rgrewalassignment2.list"
   text	   data	    bss	    dec	    hex	filename
  19980	    120	   1720	  21820	   553c	rgrewalassignment2.elf
Finished building: default.size.stdout
 
Finished building: rgrewalassignment2.list
 
18:57:14 **** Incremental Build of configuration Debug for project rgrewalassignment2 ****
make -j4 all 
arm-none-eabi-gcc "../Core/Src/main.c" -mcpu=cortex-m4 -std=gnu11 -g3 -DDEBUG -DUSE_HAL_DRIVER -DSTM32L432xx -c -I../Core/Inc -I../Drivers/STM32L4xx_HAL_Driver/Inc -I../Drivers/STM32L4xx_HAL_Driver/Inc/Legacy -I../Drivers/CMSIS/Device/ST/STM32L4xx/Include -I../Drivers/CMSIS/Include -O0 -ffunction-sections -fdata-sections -Wall -fstack-usage -MMD -MP -MF"Core/Src/main.d" -MT"Core/Src/main.o" --specs=nano.specs -mfpu=fpv4-sp-d16 -mfloat-abi=hard -mthumb -o "Core/Src/main.o"
../Core/Src/main.c: In function 'main':
../Core/Src/main.c:104:4: warning: implicit declaration of function 'printf' [-Wimplicit-function-declaration]
  104 |    printf("\nPlease Enter the passcode\n\r");
      |    ^~~~~~
../Core/Src/main.c:104:4: warning: incompatible implicit declaration of built-in function 'printf'
../Core/Src/main.c:23:1: note: include '<stdio.h>' or provide a declaration of 'printf'
   22 | #include <string.h>
  +++ |+#include <stdio.h>
   23 | /* Private includes ----------------------------------------------------------*/
../Core/Src/main.c:105:4: warning: implicit declaration of function 'scanf' [-Wimplicit-function-declaration]
  105 |    scanf( "%s",&receivePasscode);
      |    ^~~~~
../Core/Src/main.c:105:4: warning: incompatible implicit declaration of built-in function 'scanf'
../Core/Src/main.c:105:4: note: include '<stdio.h>' or provide a declaration of 'scanf'
../Core/Src/main.c:105:13: warning: format '%s' expects argument of type 'char *', but argument 2 has type 'char (*)[4]' [-Wformat=]
  105 |    scanf( "%s",&receivePasscode);
      |            ~^  ~~~~~~~~~~~~~~~~
      |             |  |
      |             |  char (*)[4]
      |             char *
../Core/Src/main.c:117:37: warning: format '%d' expects argument of type 'int', but argument 2 has type 'char *' [-Wformat=]
  117 |    printf("The passcode Entered is %d", receivePasscode);
      |                                    ~^   ~~~~~~~~~~~~~~~
      |                                     |   |
      |                                     int char *
      |                                    %s
arm-none-eabi-gcc -o "rgrewalassignment2.elf" @"objects.list"   -mcpu=cortex-m4 -T"C:\Users\rajka\OneDrive - Conestoga College\Embedded System\Semester 1\Embedded System\Weeks\Week 6\Assignment 2\rgrewalassignment2\STM32L432KCUX_FLASH.ld" --specs=nosys.specs -Wl,-Map="rgrewalassignment2.map" -Wl,--gc-sections -static --specs=nano.specs -mfpu=fpv4-sp-d16 -mfloat-abi=hard -mthumb -Wl,--start-group -lc -lm -Wl,--end-group
Finished building target: rgrewalassignment2.elf
 
arm-none-eabi-size   rgrewalassignment2.elf 
arm-none-eabi-objdump -h -S  rgrewalassignment2.elf  > "rgrewalassignment2.list"
   text	   data	    bss	    dec	    hex	filename
  20068	    120	   1720	  21908	   5594	rgrewalassignment2.elf
Finished building: default.size.stdout
 
Finished building: rgrewalassignment2.list
 
18:58:11 **** Incremental Build of configuration Debug for project rgrewalassignment2 ****
make -j4 all 
arm-none-eabi-gcc "../Core/Src/main.c" -mcpu=cortex-m4 -std=gnu11 -g3 -DDEBUG -DUSE_HAL_DRIVER -DSTM32L432xx -c -I../Core/Inc -I../Drivers/STM32L4xx_HAL_Driver/Inc -I../Drivers/STM32L4xx_HAL_Driver/Inc/Legacy -I../Drivers/CMSIS/Device/ST/STM32L4xx/Include -I../Drivers/CMSIS/Include -O0 -ffunction-sections -fdata-sections -Wall -fstack-usage -MMD -MP -MF"Core/Src/main.d" -MT"Core/Src/main.o" --specs=nano.specs -mfpu=fpv4-sp-d16 -mfloat-abi=hard -mthumb -o "Core/Src/main.o"
../Core/Src/main.c: In function 'main':
../Core/Src/main.c:104:4: warning: implicit declaration of function 'printf' [-Wimplicit-function-declaration]
  104 |    printf("\nPlease Enter the passcode\n\r");
      |    ^~~~~~
../Core/Src/main.c:104:4: warning: incompatible implicit declaration of built-in function 'printf'
../Core/Src/main.c:23:1: note: include '<stdio.h>' or provide a declaration of 'printf'
   22 | #include <string.h>
  +++ |+#include <stdio.h>
   23 | /* Private includes ----------------------------------------------------------*/
../Core/Src/main.c:105:4: warning: implicit declaration of function 'scanf' [-Wimplicit-function-declaration]
  105 |    scanf( "%s",&receivePasscode);
      |    ^~~~~
../Core/Src/main.c:105:4: warning: incompatible implicit declaration of built-in function 'scanf'
../Core/Src/main.c:105:4: note: include '<stdio.h>' or provide a declaration of 'scanf'
../Core/Src/main.c:105:13: warning: format '%s' expects argument of type 'char *', but argument 2 has type 'char (*)[4]' [-Wformat=]
  105 |    scanf( "%s",&receivePasscode);
      |            ~^  ~~~~~~~~~~~~~~~~
      |             |  |
      |             |  char (*)[4]
      |             char *
arm-none-eabi-gcc -o "rgrewalassignment2.elf" @"objects.list"   -mcpu=cortex-m4 -T"C:\Users\rajka\OneDrive - Conestoga College\Embedded System\Semester 1\Embedded System\Weeks\Week 6\Assignment 2\rgrewalassignment2\STM32L432KCUX_FLASH.ld" --specs=nosys.specs -Wl,-Map="rgrewalassignment2.map" -Wl,--gc-sections -static --specs=nano.specs -mfpu=fpv4-sp-d16 -mfloat-abi=hard -mthumb -Wl,--start-group -lc -lm -Wl,--end-group
Finished building target: rgrewalassignment2.elf
 
arm-none-eabi-size   rgrewalassignment2.elf 
arm-none-eabi-objdump -h -S  rgrewalassignment2.elf  > "rgrewalassignment2.list"
   text	   data	    bss	    dec	    hex	filename
  20068	    120	   1720	  21908	   5594	rgrewalassignment2.elf
Finished building: default.size.stdout
 
Finished building: rgrewalassignment2.list
 
19:00:04 **** Incremental Build of configuration Debug for project rgrewalassignment2 ****
make -j4 all 
arm-none-eabi-gcc "../Core/Src/main.c" -mcpu=cortex-m4 -std=gnu11 -g3 -DDEBUG -DUSE_HAL_DRIVER -DSTM32L432xx -c -I../Core/Inc -I../Drivers/STM32L4xx_HAL_Driver/Inc -I../Drivers/STM32L4xx_HAL_Driver/Inc/Legacy -I../Drivers/CMSIS/Device/ST/STM32L4xx/Include -I../Drivers/CMSIS/Include -O0 -ffunction-sections -fdata-sections -Wall -fstack-usage -MMD -MP -MF"Core/Src/main.d" -MT"Core/Src/main.o" --specs=nano.specs -mfpu=fpv4-sp-d16 -mfloat-abi=hard -mthumb -o "Core/Src/main.o"
../Core/Src/main.c: In function 'main':
../Core/Src/main.c:104:4: warning: implicit declaration of function 'printf' [-Wimplicit-function-declaration]
  104 |    printf("\nPlease Enter the passcode\n\r");
      |    ^~~~~~
../Core/Src/main.c:104:4: warning: incompatible implicit declaration of built-in function 'printf'
../Core/Src/main.c:23:1: note: include '<stdio.h>' or provide a declaration of 'printf'
   22 | #include <string.h>
  +++ |+#include <stdio.h>
   23 | /* Private includes ----------------------------------------------------------*/
../Core/Src/main.c:105:4: warning: implicit declaration of function 'scanf' [-Wimplicit-function-declaration]
  105 |    scanf( "%s",&receivePasscode);
      |    ^~~~~
../Core/Src/main.c:105:4: warning: incompatible implicit declaration of built-in function 'scanf'
../Core/Src/main.c:105:4: note: include '<stdio.h>' or provide a declaration of 'scanf'
../Core/Src/main.c:105:13: warning: format '%s' expects argument of type 'char *', but argument 2 has type 'char (*)[4]' [-Wformat=]
  105 |    scanf( "%s",&receivePasscode);
      |            ~^  ~~~~~~~~~~~~~~~~
      |             |  |
      |             |  char (*)[4]
      |             char *
arm-none-eabi-gcc -o "rgrewalassignment2.elf" @"objects.list"   -mcpu=cortex-m4 -T"C:\Users\rajka\OneDrive - Conestoga College\Embedded System\Semester 1\Embedded System\Weeks\Week 6\Assignment 2\rgrewalassignment2\STM32L432KCUX_FLASH.ld" --specs=nosys.specs -Wl,-Map="rgrewalassignment2.map" -Wl,--gc-sections -static --specs=nano.specs -mfpu=fpv4-sp-d16 -mfloat-abi=hard -mthumb -Wl,--start-group -lc -lm -Wl,--end-group
Finished building target: rgrewalassignment2.elf
 
arm-none-eabi-size   rgrewalassignment2.elf 
arm-none-eabi-objdump -h -S  rgrewalassignment2.elf  > "rgrewalassignment2.list"
   text	   data	    bss	    dec	    hex	filename
  20068	    120	   1720	  21908	   5594	rgrewalassignment2.elf
Finished building: default.size.stdout
 
Finished building: rgrewalassignment2.list
 
19:02:33 **** Incremental Build of configuration Debug for project rgrewalassignment2 ****
make -j4 all 
arm-none-eabi-gcc "../Core/Src/main.c" -mcpu=cortex-m4 -std=gnu11 -g3 -DDEBUG -DUSE_HAL_DRIVER -DSTM32L432xx -c -I../Core/Inc -I../Drivers/STM32L4xx_HAL_Driver/Inc -I../Drivers/STM32L4xx_HAL_Driver/Inc/Legacy -I../Drivers/CMSIS/Device/ST/STM32L4xx/Include -I../Drivers/CMSIS/Include -O0 -ffunction-sections -fdata-sections -Wall -fstack-usage -MMD -MP -MF"Core/Src/main.d" -MT"Core/Src/main.o" --specs=nano.specs -mfpu=fpv4-sp-d16 -mfloat-abi=hard -mthumb -o "Core/Src/main.o"
../Core/Src/main.c: In function 'main':
../Core/Src/main.c:104:4: warning: implicit declaration of function 'printf' [-Wimplicit-function-declaration]
  104 |    printf("\nPlease Enter the passcode\n");
      |    ^~~~~~
../Core/Src/main.c:104:4: warning: incompatible implicit declaration of built-in function 'printf'
../Core/Src/main.c:23:1: note: include '<stdio.h>' or provide a declaration of 'printf'
   22 | #include <string.h>
  +++ |+#include <stdio.h>
   23 | /* Private includes ----------------------------------------------------------*/
../Core/Src/main.c:105:4: warning: implicit declaration of function 'scanf' [-Wimplicit-function-declaration]
  105 |    scanf( "%s",&receivePasscode);
      |    ^~~~~
../Core/Src/main.c:105:4: warning: incompatible implicit declaration of built-in function 'scanf'
../Core/Src/main.c:105:4: note: include '<stdio.h>' or provide a declaration of 'scanf'
../Core/Src/main.c:105:13: warning: format '%s' expects argument of type 'char *', but argument 2 has type 'char (*)[4]' [-Wformat=]
  105 |    scanf( "%s",&receivePasscode);
      |            ~^  ~~~~~~~~~~~~~~~~
      |             |  |
      |             |  char (*)[4]
      |             char *
arm-none-eabi-gcc -o "rgrewalassignment2.elf" @"objects.list"   -mcpu=cortex-m4 -T"C:\Users\rajka\OneDrive - Conestoga College\Embedded System\Semester 1\Embedded System\Weeks\Week 6\Assignment 2\rgrewalassignment2\STM32L432KCUX_FLASH.ld" --specs=nosys.specs -Wl,-Map="rgrewalassignment2.map" -Wl,--gc-sections -static --specs=nano.specs -mfpu=fpv4-sp-d16 -mfloat-abi=hard -mthumb -Wl,--start-group -lc -lm -Wl,--end-group
Finished building target: rgrewalassignment2.elf
 
arm-none-eabi-size   rgrewalassignment2.elf 
arm-none-eabi-objdump -h -S  rgrewalassignment2.elf  > "rgrewalassignment2.list"
   text	   data	    bss	    dec	    hex	filename
  20316	    120	   1720	  22156	   568c	rgrewalassignment2.elf
Finished building: default.size.stdout
 
Finished building: rgrewalassignment2.list
 
19:04:18 **** Incremental Build of configuration Debug for project rgrewalassignment2 ****
make -j4 all 
arm-none-eabi-gcc "../Core/Src/main.c" -mcpu=cortex-m4 -std=gnu11 -g3 -DDEBUG -DUSE_HAL_DRIVER -DSTM32L432xx -c -I../Core/Inc -I../Drivers/STM32L4xx_HAL_Driver/Inc -I../Drivers/STM32L4xx_HAL_Driver/Inc/Legacy -I../Drivers/CMSIS/Device/ST/STM32L4xx/Include -I../Drivers/CMSIS/Include -O0 -ffunction-sections -fdata-sections -Wall -fstack-usage -MMD -MP -MF"Core/Src/main.d" -MT"Core/Src/main.o" --specs=nano.specs -mfpu=fpv4-sp-d16 -mfloat-abi=hard -mthumb -o "Core/Src/main.o"
../Core/Src/main.c: In function 'main':
../Core/Src/main.c:104:4: warning: implicit declaration of function 'printf' [-Wimplicit-function-declaration]
  104 |    printf("\nPlease Enter the passcode\n");
      |    ^~~~~~
../Core/Src/main.c:104:4: warning: incompatible implicit declaration of built-in function 'printf'
../Core/Src/main.c:23:1: note: include '<stdio.h>' or provide a declaration of 'printf'
   22 | #include <string.h>
  +++ |+#include <stdio.h>
   23 | /* Private includes ----------------------------------------------------------*/
../Core/Src/main.c:105:4: warning: implicit declaration of function 'scanf' [-Wimplicit-function-declaration]
  105 |    scanf( "%s",&receivePasscode);
      |    ^~~~~
../Core/Src/main.c:105:4: warning: incompatible implicit declaration of built-in function 'scanf'
../Core/Src/main.c:105:4: note: include '<stdio.h>' or provide a declaration of 'scanf'
../Core/Src/main.c:105:13: warning: format '%s' expects argument of type 'char *', but argument 2 has type 'char (*)[4]' [-Wformat=]
  105 |    scanf( "%s",&receivePasscode);
      |            ~^  ~~~~~~~~~~~~~~~~
      |             |  |
      |             |  char (*)[4]
      |             char *
arm-none-eabi-gcc -o "rgrewalassignment2.elf" @"objects.list"   -mcpu=cortex-m4 -T"C:\Users\rajka\OneDrive - Conestoga College\Embedded System\Semester 1\Embedded System\Weeks\Week 6\Assignment 2\rgrewalassignment2\STM32L432KCUX_FLASH.ld" --specs=nosys.specs -Wl,-Map="rgrewalassignment2.map" -Wl,--gc-sections -static --specs=nano.specs -mfpu=fpv4-sp-d16 -mfloat-abi=hard -mthumb -Wl,--start-group -lc -lm -Wl,--end-group
Finished building target: rgrewalassignment2.elf
 
arm-none-eabi-size   rgrewalassignment2.elf 
arm-none-eabi-objdump -h -S  rgrewalassignment2.elf  > "rgrewalassignment2.list"
   text	   data	    bss	    dec	    hex	filename
  20352	    120	   1720	  22192	   56b0	rgrewalassignment2.elf
Finished building: default.size.stdout
 
Finished building: rgrewalassignment2.list
 
19:06:24 **** Incremental Build of configuration Debug for project rgrewalassignment2 ****
make -j4 all 
arm-none-eabi-gcc "../Core/Src/main.c" -mcpu=cortex-m4 -std=gnu11 -g3 -DDEBUG -DUSE_HAL_DRIVER -DSTM32L432xx -c -I../Core/Inc -I../Drivers/STM32L4xx_HAL_Driver/Inc -I../Drivers/STM32L4xx_HAL_Driver/Inc/Legacy -I../Drivers/CMSIS/Device/ST/STM32L4xx/Include -I../Drivers/CMSIS/Include -O0 -ffunction-sections -fdata-sections -Wall -fstack-usage -MMD -MP -MF"Core/Src/main.d" -MT"Core/Src/main.o" --specs=nano.specs -mfpu=fpv4-sp-d16 -mfloat-abi=hard -mthumb -o "Core/Src/main.o"
../Core/Src/main.c: In function 'main':
../Core/Src/main.c:99:3: warning: implicit declaration of function 'printf' [-Wimplicit-function-declaration]
   99 |   printf("Starting The Program\n\r");
      |   ^~~~~~
../Core/Src/main.c:99:3: warning: incompatible implicit declaration of built-in function 'printf'
../Core/Src/main.c:23:1: note: include '<stdio.h>' or provide a declaration of 'printf'
   22 | #include <string.h>
  +++ |+#include <stdio.h>
   23 | /* Private includes ----------------------------------------------------------*/
../Core/Src/main.c:106:4: warning: implicit declaration of function 'scanf' [-Wimplicit-function-declaration]
  106 |    scanf( "%s",&receivePasscode);
      |    ^~~~~
../Core/Src/main.c:106:4: warning: incompatible implicit declaration of built-in function 'scanf'
../Core/Src/main.c:106:4: note: include '<stdio.h>' or provide a declaration of 'scanf'
../Core/Src/main.c:106:13: warning: format '%s' expects argument of type 'char *', but argument 2 has type 'char (*)[4]' [-Wformat=]
  106 |    scanf( "%s",&receivePasscode);
      |            ~^  ~~~~~~~~~~~~~~~~
      |             |  |
      |             |  char (*)[4]
      |             char *
arm-none-eabi-gcc -o "rgrewalassignment2.elf" @"objects.list"   -mcpu=cortex-m4 -T"C:\Users\rajka\OneDrive - Conestoga College\Embedded System\Semester 1\Embedded System\Weeks\Week 6\Assignment 2\rgrewalassignment2\STM32L432KCUX_FLASH.ld" --specs=nosys.specs -Wl,-Map="rgrewalassignment2.map" -Wl,--gc-sections -static --specs=nano.specs -mfpu=fpv4-sp-d16 -mfloat-abi=hard -mthumb -Wl,--start-group -lc -lm -Wl,--end-group
Finished building target: rgrewalassignment2.elf
 
arm-none-eabi-size   rgrewalassignment2.elf 
arm-none-eabi-objdump -h -S  rgrewalassignment2.elf  > "rgrewalassignment2.list"
   text	   data	    bss	    dec	    hex	filename
  20388	    120	   1720	  22228	   56d4	rgrewalassignment2.elf
Finished building: default.size.stdout
 
Finished building: rgrewalassignment2.list
 
19:08:21 **** Incremental Build of configuration Debug for project rgrewalassignment2 ****
make -j4 all 
arm-none-eabi-gcc "../Core/Src/main.c" -mcpu=cortex-m4 -std=gnu11 -g3 -DDEBUG -DUSE_HAL_DRIVER -DSTM32L432xx -c -I../Core/Inc -I../Drivers/STM32L4xx_HAL_Driver/Inc -I../Drivers/STM32L4xx_HAL_Driver/Inc/Legacy -I../Drivers/CMSIS/Device/ST/STM32L4xx/Include -I../Drivers/CMSIS/Include -O0 -ffunction-sections -fdata-sections -Wall -fstack-usage -MMD -MP -MF"Core/Src/main.d" -MT"Core/Src/main.o" --specs=nano.specs -mfpu=fpv4-sp-d16 -mfloat-abi=hard -mthumb -o "Core/Src/main.o"
../Core/Src/main.c: In function 'main':
../Core/Src/main.c:110:3: warning: implicit declaration of function 'printf' [-Wimplicit-function-declaration]
  110 |   printf("Starting The Program\n");
      |   ^~~~~~
../Core/Src/main.c:110:3: warning: incompatible implicit declaration of built-in function 'printf'
../Core/Src/main.c:23:1: note: include '<stdio.h>' or provide a declaration of 'printf'
   22 | #include <string.h>
  +++ |+#include <stdio.h>
   23 | /* Private includes ----------------------------------------------------------*/
../Core/Src/main.c:118:4: warning: implicit declaration of function 'scanf' [-Wimplicit-function-declaration]
  118 |    scanf( "%s",&receivePasscode);
      |    ^~~~~
../Core/Src/main.c:118:4: warning: incompatible implicit declaration of built-in function 'scanf'
../Core/Src/main.c:118:4: note: include '<stdio.h>' or provide a declaration of 'scanf'
../Core/Src/main.c:118:13: warning: format '%s' expects argument of type 'char *', but argument 2 has type 'char (*)[4]' [-Wformat=]
  118 |    scanf( "%s",&receivePasscode);
      |            ~^  ~~~~~~~~~~~~~~~~
      |             |  |
      |             |  char (*)[4]
      |             char *
arm-none-eabi-gcc -o "rgrewalassignment2.elf" @"objects.list"   -mcpu=cortex-m4 -T"C:\Users\rajka\OneDrive - Conestoga College\Embedded System\Semester 1\Embedded System\Weeks\Week 6\Assignment 2\rgrewalassignment2\STM32L432KCUX_FLASH.ld" --specs=nosys.specs -Wl,-Map="rgrewalassignment2.map" -Wl,--gc-sections -static --specs=nano.specs -mfpu=fpv4-sp-d16 -mfloat-abi=hard -mthumb -Wl,--start-group -lc -lm -Wl,--end-group
Finished building target: rgrewalassignment2.elf
 
arm-none-eabi-size   rgrewalassignment2.elf 
arm-none-eabi-objdump -h -S  rgrewalassignment2.elf  > "rgrewalassignment2.list"
   text	   data	    bss	    dec	    hex	filename
  20388	    120	   1720	  22228	   56d4	rgrewalassignment2.elf
Finished building: default.size.stdout
 
Finished building: rgrewalassignment2.list
 
19:11:09 **** Incremental Build of configuration Debug for project rgrewalassignment2 ****
make -j4 all 
arm-none-eabi-gcc "../Core/Src/main.c" -mcpu=cortex-m4 -std=gnu11 -g3 -DDEBUG -DUSE_HAL_DRIVER -DSTM32L432xx -c -I../Core/Inc -I../Drivers/STM32L4xx_HAL_Driver/Inc -I../Drivers/STM32L4xx_HAL_Driver/Inc/Legacy -I../Drivers/CMSIS/Device/ST/STM32L4xx/Include -I../Drivers/CMSIS/Include -O0 -ffunction-sections -fdata-sections -Wall -fstack-usage -MMD -MP -MF"Core/Src/main.d" -MT"Core/Src/main.o" --specs=nano.specs -mfpu=fpv4-sp-d16 -mfloat-abi=hard -mthumb -o "Core/Src/main.o"
../Core/Src/main.c: In function 'main':
../Core/Src/main.c:110:3: warning: implicit declaration of function 'printf' [-Wimplicit-function-declaration]
  110 |   printf("Starting The Program\n");
      |   ^~~~~~
../Core/Src/main.c:110:3: warning: incompatible implicit declaration of built-in function 'printf'
../Core/Src/main.c:23:1: note: include '<stdio.h>' or provide a declaration of 'printf'
   22 | #include <string.h>
  +++ |+#include <stdio.h>
   23 | /* Private includes ----------------------------------------------------------*/
../Core/Src/main.c:118:4: warning: implicit declaration of function 'scanf' [-Wimplicit-function-declaration]
  118 |    scanf( "%s",&receivePasscode);
      |    ^~~~~
../Core/Src/main.c:118:4: warning: incompatible implicit declaration of built-in function 'scanf'
../Core/Src/main.c:118:4: note: include '<stdio.h>' or provide a declaration of 'scanf'
../Core/Src/main.c:118:13: warning: format '%s' expects argument of type 'char *', but argument 2 has type 'char (*)[4]' [-Wformat=]
  118 |    scanf( "%s",&receivePasscode);
      |            ~^  ~~~~~~~~~~~~~~~~
      |             |  |
      |             |  char (*)[4]
      |             char *
arm-none-eabi-gcc -o "rgrewalassignment2.elf" @"objects.list"   -mcpu=cortex-m4 -T"C:\Users\rajka\OneDrive - Conestoga College\Embedded System\Semester 1\Embedded System\Weeks\Week 6\Assignment 2\rgrewalassignment2\STM32L432KCUX_FLASH.ld" --specs=nosys.specs -Wl,-Map="rgrewalassignment2.map" -Wl,--gc-sections -static --specs=nano.specs -mfpu=fpv4-sp-d16 -mfloat-abi=hard -mthumb -Wl,--start-group -lc -lm -Wl,--end-group
Finished building target: rgrewalassignment2.elf
 
arm-none-eabi-size   rgrewalassignment2.elf 
arm-none-eabi-objdump -h -S  rgrewalassignment2.elf  > "rgrewalassignment2.list"
   text	   data	    bss	    dec	    hex	filename
  20388	    120	   1720	  22228	   56d4	rgrewalassignment2.elf
Finished building: default.size.stdout
 
Finished building: rgrewalassignment2.list
 
19:15:13 **** Incremental Build of configuration Debug for project rgrewalassignment2 ****
make -j4 all 
arm-none-eabi-gcc "../Core/Src/main.c" -mcpu=cortex-m4 -std=gnu11 -g3 -DDEBUG -DUSE_HAL_DRIVER -DSTM32L432xx -c -I../Core/Inc -I../Drivers/STM32L4xx_HAL_Driver/Inc -I../Drivers/STM32L4xx_HAL_Driver/Inc/Legacy -I../Drivers/CMSIS/Device/ST/STM32L4xx/Include -I../Drivers/CMSIS/Include -O0 -ffunction-sections -fdata-sections -Wall -fstack-usage -MMD -MP -MF"Core/Src/main.d" -MT"Core/Src/main.o" --specs=nano.specs -mfpu=fpv4-sp-d16 -mfloat-abi=hard -mthumb -o "Core/Src/main.o"
../Core/Src/main.c: In function 'main':
../Core/Src/main.c:110:3: warning: implicit declaration of function 'printf' [-Wimplicit-function-declaration]
  110 |   printf("Starting The Program\n");
      |   ^~~~~~
../Core/Src/main.c:110:3: warning: incompatible implicit declaration of built-in function 'printf'
../Core/Src/main.c:23:1: note: include '<stdio.h>' or provide a declaration of 'printf'
   22 | #include <string.h>
  +++ |+#include <stdio.h>
   23 | /* Private includes ----------------------------------------------------------*/
../Core/Src/main.c:118:4: warning: implicit declaration of function 'scanf' [-Wimplicit-function-declaration]
  118 |    scanf( "%s",&receivePasscode);
      |    ^~~~~
../Core/Src/main.c:118:4: warning: incompatible implicit declaration of built-in function 'scanf'
../Core/Src/main.c:118:4: note: include '<stdio.h>' or provide a declaration of 'scanf'
../Core/Src/main.c:118:13: warning: format '%s' expects argument of type 'char *', but argument 2 has type 'char (*)[4]' [-Wformat=]
  118 |    scanf( "%s",&receivePasscode);
      |            ~^  ~~~~~~~~~~~~~~~~
      |             |  |
      |             |  char (*)[4]
      |             char *
../Core/Src/main.c:127:9: error: 'recievePasscode' undeclared (first use in this function); did you mean 'receivePasscode'?
  127 |      if(recievePasscode[j] != passcodes[i][j]){
      |         ^~~~~~~~~~~~~~~
      |         receivePasscode
../Core/Src/main.c:127:9: note: each undeclared identifier is reported only once for each function it appears in
make: *** [Core/Src/subdir.mk:34: Core/Src/main.o] Error 1
"make -j4 all" terminated with exit code 2. Build might be incomplete.
19:15:38 **** Incremental Build of configuration Debug for project rgrewalassignment2 ****
make -j4 all 
arm-none-eabi-gcc "../Core/Src/main.c" -mcpu=cortex-m4 -std=gnu11 -g3 -DDEBUG -DUSE_HAL_DRIVER -DSTM32L432xx -c -I../Core/Inc -I../Drivers/STM32L4xx_HAL_Driver/Inc -I../Drivers/STM32L4xx_HAL_Driver/Inc/Legacy -I../Drivers/CMSIS/Device/ST/STM32L4xx/Include -I../Drivers/CMSIS/Include -O0 -ffunction-sections -fdata-sections -Wall -fstack-usage -MMD -MP -MF"Core/Src/main.d" -MT"Core/Src/main.o" --specs=nano.specs -mfpu=fpv4-sp-d16 -mfloat-abi=hard -mthumb -o "Core/Src/main.o"
../Core/Src/main.c: In function 'main':
../Core/Src/main.c:110:3: warning: implicit declaration of function 'printf' [-Wimplicit-function-declaration]
  110 |   printf("Starting The Program\n");
      |   ^~~~~~
../Core/Src/main.c:110:3: warning: incompatible implicit declaration of built-in function 'printf'
../Core/Src/main.c:23:1: note: include '<stdio.h>' or provide a declaration of 'printf'
   22 | #include <string.h>
  +++ |+#include <stdio.h>
   23 | /* Private includes ----------------------------------------------------------*/
../Core/Src/main.c:118:4: warning: implicit declaration of function 'scanf' [-Wimplicit-function-declaration]
  118 |    scanf( "%s",&receivePasscode);
      |    ^~~~~
../Core/Src/main.c:118:4: warning: incompatible implicit declaration of built-in function 'scanf'
../Core/Src/main.c:118:4: note: include '<stdio.h>' or provide a declaration of 'scanf'
../Core/Src/main.c:118:13: warning: format '%s' expects argument of type 'char *', but argument 2 has type 'char (*)[4]' [-Wformat=]
  118 |    scanf( "%s",&receivePasscode);
      |            ~^  ~~~~~~~~~~~~~~~~
      |             |  |
      |             |  char (*)[4]
      |             char *
arm-none-eabi-gcc -o "rgrewalassignment2.elf" @"objects.list"   -mcpu=cortex-m4 -T"C:\Users\rajka\OneDrive - Conestoga College\Embedded System\Semester 1\Embedded System\Weeks\Week 6\Assignment 2\rgrewalassignment2\STM32L432KCUX_FLASH.ld" --specs=nosys.specs -Wl,-Map="rgrewalassignment2.map" -Wl,--gc-sections -static --specs=nano.specs -mfpu=fpv4-sp-d16 -mfloat-abi=hard -mthumb -Wl,--start-group -lc -lm -Wl,--end-group
Finished building target: rgrewalassignment2.elf
 
arm-none-eabi-size   rgrewalassignment2.elf 
arm-none-eabi-objdump -h -S  rgrewalassignment2.elf  > "rgrewalassignment2.list"
   text	   data	    bss	    dec	    hex	filename
  20380	    120	   1720	  22220	   56cc	rgrewalassignment2.elf
Finished building: default.size.stdout
 
Finished building: rgrewalassignment2.list
 
19:16:56 **** Incremental Build of configuration Debug for project rgrewalassignment2 ****
make -j4 all 
arm-none-eabi-gcc "../Core/Src/main.c" -mcpu=cortex-m4 -std=gnu11 -g3 -DDEBUG -DUSE_HAL_DRIVER -DSTM32L432xx -c -I../Core/Inc -I../Drivers/STM32L4xx_HAL_Driver/Inc -I../Drivers/STM32L4xx_HAL_Driver/Inc/Legacy -I../Drivers/CMSIS/Device/ST/STM32L4xx/Include -I../Drivers/CMSIS/Include -O0 -ffunction-sections -fdata-sections -Wall -fstack-usage -MMD -MP -MF"Core/Src/main.d" -MT"Core/Src/main.o" --specs=nano.specs -mfpu=fpv4-sp-d16 -mfloat-abi=hard -mthumb -o "Core/Src/main.o"
../Core/Src/main.c: In function 'main':
../Core/Src/main.c:108:3: warning: implicit declaration of function 'printf' [-Wimplicit-function-declaration]
  108 |   printf("Starting The Program\n");
      |   ^~~~~~
../Core/Src/main.c:108:3: warning: incompatible implicit declaration of built-in function 'printf'
../Core/Src/main.c:21:1: note: include '<stdio.h>' or provide a declaration of 'printf'
   20 | #include "main.h"
  +++ |+#include <stdio.h>
   21 | /* Private includes ----------------------------------------------------------*/
../Core/Src/main.c:116:4: warning: implicit declaration of function 'scanf' [-Wimplicit-function-declaration]
  116 |    scanf( "%s",&receivePasscode);
      |    ^~~~~
../Core/Src/main.c:116:4: warning: incompatible implicit declaration of built-in function 'scanf'
../Core/Src/main.c:116:4: note: include '<stdio.h>' or provide a declaration of 'scanf'
../Core/Src/main.c:116:13: warning: format '%s' expects argument of type 'char *', but argument 2 has type 'char (*)[4]' [-Wformat=]
  116 |    scanf( "%s",&receivePasscode);
      |            ~^  ~~~~~~~~~~~~~~~~
      |             |  |
      |             |  char (*)[4]
      |             char *
arm-none-eabi-gcc -o "rgrewalassignment2.elf" @"objects.list"   -mcpu=cortex-m4 -T"C:\Users\rajka\OneDrive - Conestoga College\Embedded System\Semester 1\Embedded System\Weeks\Week 6\Assignment 2\rgrewalassignment2\STM32L432KCUX_FLASH.ld" --specs=nosys.specs -Wl,-Map="rgrewalassignment2.map" -Wl,--gc-sections -static --specs=nano.specs -mfpu=fpv4-sp-d16 -mfloat-abi=hard -mthumb -Wl,--start-group -lc -lm -Wl,--end-group
Finished building target: rgrewalassignment2.elf
 
arm-none-eabi-size   rgrewalassignment2.elf 
arm-none-eabi-objdump -h -S  rgrewalassignment2.elf  > "rgrewalassignment2.list"
   text	   data	    bss	    dec	    hex	filename
  20296	    120	   1720	  22136	   5678	rgrewalassignment2.elf
Finished building: default.size.stdout
 
Finished building: rgrewalassignment2.list
 
19:18:03 **** Incremental Build of configuration Debug for project rgrewalassignment2 ****
make -j4 all 
arm-none-eabi-size   rgrewalassignment2.elf 
   text	   data	    bss	    dec	    hex	filename
  20296	    120	   1720	  22136	   5678	rgrewalassignment2.elf
Finished building: default.size.stdout
 
19:23:38 **** Incremental Build of configuration Debug for project rgrewalassignment2 ****
make -j4 all 
arm-none-eabi-gcc "../Core/Src/main.c" -mcpu=cortex-m4 -std=gnu11 -g3 -DDEBUG -DUSE_HAL_DRIVER -DSTM32L432xx -c -I../Core/Inc -I../Drivers/STM32L4xx_HAL_Driver/Inc -I../Drivers/STM32L4xx_HAL_Driver/Inc/Legacy -I../Drivers/CMSIS/Device/ST/STM32L4xx/Include -I../Drivers/CMSIS/Include -O0 -ffunction-sections -fdata-sections -Wall -fstack-usage -MMD -MP -MF"Core/Src/main.d" -MT"Core/Src/main.o" --specs=nano.specs -mfpu=fpv4-sp-d16 -mfloat-abi=hard -mthumb -o "Core/Src/main.o"
../Core/Src/main.c: In function 'main':
../Core/Src/main.c:108:3: warning: implicit declaration of function 'printf' [-Wimplicit-function-declaration]
  108 |   printf("Starting The Program\n");
      |   ^~~~~~
../Core/Src/main.c:108:3: warning: incompatible implicit declaration of built-in function 'printf'
../Core/Src/main.c:21:1: note: include '<stdio.h>' or provide a declaration of 'printf'
   20 | #include "main.h"
  +++ |+#include <stdio.h>
   21 | /* Private includes ----------------------------------------------------------*/
../Core/Src/main.c:116:4: warning: implicit declaration of function 'scanf' [-Wimplicit-function-declaration]
  116 |    scanf( "%s",&receivePasscode);
      |    ^~~~~
../Core/Src/main.c:116:4: warning: incompatible implicit declaration of built-in function 'scanf'
../Core/Src/main.c:116:4: note: include '<stdio.h>' or provide a declaration of 'scanf'
../Core/Src/main.c:116:13: warning: format '%s' expects argument of type 'char *', but argument 2 has type 'char (*)[4]' [-Wformat=]
  116 |    scanf( "%s",&receivePasscode);
      |            ~^  ~~~~~~~~~~~~~~~~
      |             |  |
      |             |  char (*)[4]
      |             char *
arm-none-eabi-gcc -o "rgrewalassignment2.elf" @"objects.list"   -mcpu=cortex-m4 -T"C:\Users\rajka\OneDrive - Conestoga College\Embedded System\Semester 1\Embedded System\Weeks\Week 6\Assignment 2\rgrewalassignment2\STM32L432KCUX_FLASH.ld" --specs=nosys.specs -Wl,-Map="rgrewalassignment2.map" -Wl,--gc-sections -static --specs=nano.specs -mfpu=fpv4-sp-d16 -mfloat-abi=hard -mthumb -Wl,--start-group -lc -lm -Wl,--end-group
Finished building target: rgrewalassignment2.elf
 
arm-none-eabi-size   rgrewalassignment2.elf 
arm-none-eabi-objdump -h -S  rgrewalassignment2.elf  > "rgrewalassignment2.list"
   text	   data	    bss	    dec	    hex	filename
  20324	    120	   1720	  22164	   5694	rgrewalassignment2.elf
Finished building: default.size.stdout
 
Finished building: rgrewalassignment2.list
 
20:18:22 **** Incremental Build of configuration Debug for project rgrewalassignment2 ****
make -j4 all 
arm-none-eabi-gcc "../Core/Src/main.c" -mcpu=cortex-m4 -std=gnu11 -g3 -DDEBUG -DUSE_HAL_DRIVER -DSTM32L432xx -c -I../Core/Inc -I../Drivers/STM32L4xx_HAL_Driver/Inc -I../Drivers/STM32L4xx_HAL_Driver/Inc/Legacy -I../Drivers/CMSIS/Device/ST/STM32L4xx/Include -I../Drivers/CMSIS/Include -O0 -ffunction-sections -fdata-sections -Wall -fstack-usage -MMD -MP -MF"Core/Src/main.d" -MT"Core/Src/main.o" --specs=nano.specs -mfpu=fpv4-sp-d16 -mfloat-abi=hard -mthumb -o "Core/Src/main.o"
arm-none-eabi-gcc "../Core/Src/stm32l4xx_hal_msp.c" -mcpu=cortex-m4 -std=gnu11 -g3 -DDEBUG -DUSE_HAL_DRIVER -DSTM32L432xx -c -I../Core/Inc -I../Drivers/STM32L4xx_HAL_Driver/Inc -I../Drivers/STM32L4xx_HAL_Driver/Inc/Legacy -I../Drivers/CMSIS/Device/ST/STM32L4xx/Include -I../Drivers/CMSIS/Include -O0 -ffunction-sections -fdata-sections -Wall -fstack-usage -MMD -MP -MF"Core/Src/stm32l4xx_hal_msp.d" -MT"Core/Src/stm32l4xx_hal_msp.o" --specs=nano.specs -mfpu=fpv4-sp-d16 -mfloat-abi=hard -mthumb -o "Core/Src/stm32l4xx_hal_msp.o"
arm-none-eabi-gcc "../Core/Src/stm32l4xx_it.c" -mcpu=cortex-m4 -std=gnu11 -g3 -DDEBUG -DUSE_HAL_DRIVER -DSTM32L432xx -c -I../Core/Inc -I../Drivers/STM32L4xx_HAL_Driver/Inc -I../Drivers/STM32L4xx_HAL_Driver/Inc/Legacy -I../Drivers/CMSIS/Device/ST/STM32L4xx/Include -I../Drivers/CMSIS/Include -O0 -ffunction-sections -fdata-sections -Wall -fstack-usage -MMD -MP -MF"Core/Src/stm32l4xx_it.d" -MT"Core/Src/stm32l4xx_it.o" --specs=nano.specs -mfpu=fpv4-sp-d16 -mfloat-abi=hard -mthumb -o "Core/Src/stm32l4xx_it.o"
../Core/Src/main.c: In function 'main':
../Core/Src/main.c:109:3: warning: implicit declaration of function 'printf' [-Wimplicit-function-declaration]
  109 |   printf("Starting The Program\n");
      |   ^~~~~~
../Core/Src/main.c:109:3: warning: incompatible implicit declaration of built-in function 'printf'
../Core/Src/main.c:21:1: note: include '<stdio.h>' or provide a declaration of 'printf'
   20 | #include "main.h"
  +++ |+#include <stdio.h>
   21 | 
../Core/Src/main.c:116:4: warning: implicit declaration of function 'scanf' [-Wimplicit-function-declaration]
  116 |    scanf( "%s",&receivePasscode);
      |    ^~~~~
../Core/Src/main.c:116:4: warning: incompatible implicit declaration of built-in function 'scanf'
../Core/Src/main.c:116:4: note: include '<stdio.h>' or provide a declaration of 'scanf'
../Core/Src/main.c:116:13: warning: format '%s' expects argument of type 'char *', but argument 2 has type 'char (*)[4]' [-Wformat=]
  116 |    scanf( "%s",&receivePasscode);
      |            ~^  ~~~~~~~~~~~~~~~~
      |             |  |
      |             |  char (*)[4]
      |             char *
arm-none-eabi-gcc -o "rgrewalassignment2.elf" @"objects.list"   -mcpu=cortex-m4 -T"C:\Users\rajka\OneDrive - Conestoga College\Embedded System\Semester 1\Embedded System\Weeks\Week 6\Assignment 2\rgrewalassignment2\STM32L432KCUX_FLASH.ld" --specs=nosys.specs -Wl,-Map="rgrewalassignment2.map" -Wl,--gc-sections -static --specs=nano.specs -mfpu=fpv4-sp-d16 -mfloat-abi=hard -mthumb -Wl,--start-group -lc -lm -Wl,--end-group
Finished building target: rgrewalassignment2.elf
 
arm-none-eabi-size   rgrewalassignment2.elf 
arm-none-eabi-objdump -h -S  rgrewalassignment2.elf  > "rgrewalassignment2.list"
   text	   data	    bss	    dec	    hex	filename
  20416	    120	   1720	  22256	   56f0	rgrewalassignment2.elf
Finished building: default.size.stdout
 
Finished building: rgrewalassignment2.list
 
20:19:37 **** Incremental Build of configuration Debug for project rgrewalassignment2 ****
make -j4 all 
arm-none-eabi-gcc "../Core/Src/main.c" -mcpu=cortex-m4 -std=gnu11 -g3 -DDEBUG -DUSE_HAL_DRIVER -DSTM32L432xx -c -I../Core/Inc -I../Drivers/STM32L4xx_HAL_Driver/Inc -I../Drivers/STM32L4xx_HAL_Driver/Inc/Legacy -I../Drivers/CMSIS/Device/ST/STM32L4xx/Include -I../Drivers/CMSIS/Include -O0 -ffunction-sections -fdata-sections -Wall -fstack-usage -MMD -MP -MF"Core/Src/main.d" -MT"Core/Src/main.o" --specs=nano.specs -mfpu=fpv4-sp-d16 -mfloat-abi=hard -mthumb -o "Core/Src/main.o"
../Core/Src/main.c: In function 'main':
../Core/Src/main.c:110:3: warning: implicit declaration of function 'printf' [-Wimplicit-function-declaration]
  110 |   printf("Starting The Program\n");
      |   ^~~~~~
../Core/Src/main.c:110:3: warning: incompatible implicit declaration of built-in function 'printf'
../Core/Src/main.c:21:1: note: include '<stdio.h>' or provide a declaration of 'printf'
   20 | #include "main.h"
  +++ |+#include <stdio.h>
   21 | 
../Core/Src/main.c:117:4: warning: implicit declaration of function 'scanf' [-Wimplicit-function-declaration]
  117 |    scanf( "%s",&receivePasscode);
      |    ^~~~~
../Core/Src/main.c:117:4: warning: incompatible implicit declaration of built-in function 'scanf'
../Core/Src/main.c:117:4: note: include '<stdio.h>' or provide a declaration of 'scanf'
../Core/Src/main.c:117:13: warning: format '%s' expects argument of type 'char *', but argument 2 has type 'char (*)[4]' [-Wformat=]
  117 |    scanf( "%s",&receivePasscode);
      |            ~^  ~~~~~~~~~~~~~~~~
      |             |  |
      |             |  char (*)[4]
      |             char *
arm-none-eabi-gcc -o "rgrewalassignment2.elf" @"objects.list"   -mcpu=cortex-m4 -T"C:\Users\rajka\OneDrive - Conestoga College\Embedded System\Semester 1\Embedded System\Weeks\Week 6\Assignment 2\rgrewalassignment2\STM32L432KCUX_FLASH.ld" --specs=nosys.specs -Wl,-Map="rgrewalassignment2.map" -Wl,--gc-sections -static --specs=nano.specs -mfpu=fpv4-sp-d16 -mfloat-abi=hard -mthumb -Wl,--start-group -lc -lm -Wl,--end-group
Finished building target: rgrewalassignment2.elf
 
arm-none-eabi-size   rgrewalassignment2.elf 
arm-none-eabi-objdump -h -S  rgrewalassignment2.elf  > "rgrewalassignment2.list"
   text	   data	    bss	    dec	    hex	filename
  20396	    120	   1720	  22236	   56dc	rgrewalassignment2.elf
Finished building: default.size.stdout
 
Finished building: rgrewalassignment2.list
 
20:20:44 **** Incremental Build of configuration Debug for project rgrewalassignment2 ****
make -j4 all 
arm-none-eabi-size   rgrewalassignment2.elf 
   text	   data	    bss	    dec	    hex	filename
  20396	    120	   1720	  22236	   56dc	rgrewalassignment2.elf
Finished building: default.size.stdout
 
20:23:49 **** Incremental Build of configuration Debug for project rgrewalassignment2 ****
make -j4 all 
arm-none-eabi-gcc "../Core/Src/main.c" -mcpu=cortex-m4 -std=gnu11 -g3 -DDEBUG -DUSE_HAL_DRIVER -DSTM32L432xx -c -I../Core/Inc -I../Drivers/STM32L4xx_HAL_Driver/Inc -I../Drivers/STM32L4xx_HAL_Driver/Inc/Legacy -I../Drivers/CMSIS/Device/ST/STM32L4xx/Include -I../Drivers/CMSIS/Include -O0 -ffunction-sections -fdata-sections -Wall -fstack-usage -MMD -MP -MF"Core/Src/main.d" -MT"Core/Src/main.o" --specs=nano.specs -mfpu=fpv4-sp-d16 -mfloat-abi=hard -mthumb -o "Core/Src/main.o"
../Core/Src/main.c: In function 'main':
../Core/Src/main.c:110:3: warning: implicit declaration of function 'printf' [-Wimplicit-function-declaration]
  110 |   printf("Starting The Program\n");
      |   ^~~~~~
../Core/Src/main.c:110:3: warning: incompatible implicit declaration of built-in function 'printf'
../Core/Src/main.c:21:1: note: include '<stdio.h>' or provide a declaration of 'printf'
   20 | #include "main.h"
  +++ |+#include <stdio.h>
   21 | 
../Core/Src/main.c:117:4: warning: implicit declaration of function 'scanf' [-Wimplicit-function-declaration]
  117 |    scanf( "%s",&receivePasscode);
      |    ^~~~~
../Core/Src/main.c:117:4: warning: incompatible implicit declaration of built-in function 'scanf'
../Core/Src/main.c:117:4: note: include '<stdio.h>' or provide a declaration of 'scanf'
../Core/Src/main.c:117:13: warning: format '%s' expects argument of type 'char *', but argument 2 has type 'char (*)[4]' [-Wformat=]
  117 |    scanf( "%s",&receivePasscode);
      |            ~^  ~~~~~~~~~~~~~~~~
      |             |  |
      |             |  char (*)[4]
      |             char *
arm-none-eabi-gcc -o "rgrewalassignment2.elf" @"objects.list"   -mcpu=cortex-m4 -T"C:\Users\rajka\OneDrive - Conestoga College\Embedded System\Semester 1\Embedded System\Weeks\Week 6\Assignment 2\rgrewalassignment2\STM32L432KCUX_FLASH.ld" --specs=nosys.specs -Wl,-Map="rgrewalassignment2.map" -Wl,--gc-sections -static --specs=nano.specs -mfpu=fpv4-sp-d16 -mfloat-abi=hard -mthumb -Wl,--start-group -lc -lm -Wl,--end-group
Finished building target: rgrewalassignment2.elf
 
arm-none-eabi-size   rgrewalassignment2.elf 
arm-none-eabi-objdump -h -S  rgrewalassignment2.elf  > "rgrewalassignment2.list"
   text	   data	    bss	    dec	    hex	filename
  20396	    120	   1720	  22236	   56dc	rgrewalassignment2.elf
Finished building: default.size.stdout
 
Finished building: rgrewalassignment2.list
 
00:40:56 **** Incremental Build of configuration Debug for project rgrewalassignment2 ****
make -j4 all 
arm-none-eabi-gcc "../Drivers/STM32L4xx_HAL_Driver/Src/stm32l4xx_hal.c" -mcpu=cortex-m4 -std=gnu11 -g3 -DDEBUG -DUSE_HAL_DRIVER -DSTM32L432xx -c -I../Core/Inc -I../Drivers/STM32L4xx_HAL_Driver/Inc -I../Drivers/STM32L4xx_HAL_Driver/Inc/Legacy -I../Drivers/CMSIS/Device/ST/STM32L4xx/Include -I../Drivers/CMSIS/Include -O0 -ffunction-sections -fdata-sections -Wall -fstack-usage -MMD -MP -MF"Drivers/STM32L4xx_HAL_Driver/Src/stm32l4xx_hal.d" -MT"Drivers/STM32L4xx_HAL_Driver/Src/stm32l4xx_hal.o" --specs=nano.specs -mfpu=fpv4-sp-d16 -mfloat-abi=hard -mthumb -o "Drivers/STM32L4xx_HAL_Driver/Src/stm32l4xx_hal.o"
arm-none-eabi-gcc "../Drivers/STM32L4xx_HAL_Driver/Src/stm32l4xx_hal_cortex.c" -mcpu=cortex-m4 -std=gnu11 -g3 -DDEBUG -DUSE_HAL_DRIVER -DSTM32L432xx -c -I../Core/Inc -I../Drivers/STM32L4xx_HAL_Driver/Inc -I../Drivers/STM32L4xx_HAL_Driver/Inc/Legacy -I../Drivers/CMSIS/Device/ST/STM32L4xx/Include -I../Drivers/CMSIS/Include -O0 -ffunction-sections -fdata-sections -Wall -fstack-usage -MMD -MP -MF"Drivers/STM32L4xx_HAL_Driver/Src/stm32l4xx_hal_cortex.d" -MT"Drivers/STM32L4xx_HAL_Driver/Src/stm32l4xx_hal_cortex.o" --specs=nano.specs -mfpu=fpv4-sp-d16 -mfloat-abi=hard -mthumb -o "Drivers/STM32L4xx_HAL_Driver/Src/stm32l4xx_hal_cortex.o"
arm-none-eabi-gcc "../Drivers/STM32L4xx_HAL_Driver/Src/stm32l4xx_hal_dma.c" -mcpu=cortex-m4 -std=gnu11 -g3 -DDEBUG -DUSE_HAL_DRIVER -DSTM32L432xx -c -I../Core/Inc -I../Drivers/STM32L4xx_HAL_Driver/Inc -I../Drivers/STM32L4xx_HAL_Driver/Inc/Legacy -I../Drivers/CMSIS/Device/ST/STM32L4xx/Include -I../Drivers/CMSIS/Include -O0 -ffunction-sections -fdata-sections -Wall -fstack-usage -MMD -MP -MF"Drivers/STM32L4xx_HAL_Driver/Src/stm32l4xx_hal_dma.d" -MT"Drivers/STM32L4xx_HAL_Driver/Src/stm32l4xx_hal_dma.o" --specs=nano.specs -mfpu=fpv4-sp-d16 -mfloat-abi=hard -mthumb -o "Drivers/STM32L4xx_HAL_Driver/Src/stm32l4xx_hal_dma.o"
arm-none-eabi-gcc "../Drivers/STM32L4xx_HAL_Driver/Src/stm32l4xx_hal_dma_ex.c" -mcpu=cortex-m4 -std=gnu11 -g3 -DDEBUG -DUSE_HAL_DRIVER -DSTM32L432xx -c -I../Core/Inc -I../Drivers/STM32L4xx_HAL_Driver/Inc -I../Drivers/STM32L4xx_HAL_Driver/Inc/Legacy -I../Drivers/CMSIS/Device/ST/STM32L4xx/Include -I../Drivers/CMSIS/Include -O0 -ffunction-sections -fdata-sections -Wall -fstack-usage -MMD -MP -MF"Drivers/STM32L4xx_HAL_Driver/Src/stm32l4xx_hal_dma_ex.d" -MT"Drivers/STM32L4xx_HAL_Driver/Src/stm32l4xx_hal_dma_ex.o" --specs=nano.specs -mfpu=fpv4-sp-d16 -mfloat-abi=hard -mthumb -o "Drivers/STM32L4xx_HAL_Driver/Src/stm32l4xx_hal_dma_ex.o"
arm-none-eabi-gcc "../Drivers/STM32L4xx_HAL_Driver/Src/stm32l4xx_hal_exti.c" -mcpu=cortex-m4 -std=gnu11 -g3 -DDEBUG -DUSE_HAL_DRIVER -DSTM32L432xx -c -I../Core/Inc -I../Drivers/STM32L4xx_HAL_Driver/Inc -I../Drivers/STM32L4xx_HAL_Driver/Inc/Legacy -I../Drivers/CMSIS/Device/ST/STM32L4xx/Include -I../Drivers/CMSIS/Include -O0 -ffunction-sections -fdata-sections -Wall -fstack-usage -MMD -MP -MF"Drivers/STM32L4xx_HAL_Driver/Src/stm32l4xx_hal_exti.d" -MT"Drivers/STM32L4xx_HAL_Driver/Src/stm32l4xx_hal_exti.o" --specs=nano.specs -mfpu=fpv4-sp-d16 -mfloat-abi=hard -mthumb -o "Drivers/STM32L4xx_HAL_Driver/Src/stm32l4xx_hal_exti.o"
arm-none-eabi-gcc "../Drivers/STM32L4xx_HAL_Driver/Src/stm32l4xx_hal_flash.c" -mcpu=cortex-m4 -std=gnu11 -g3 -DDEBUG -DUSE_HAL_DRIVER -DSTM32L432xx -c -I../Core/Inc -I../Drivers/STM32L4xx_HAL_Driver/Inc -I../Drivers/STM32L4xx_HAL_Driver/Inc/Legacy -I../Drivers/CMSIS/Device/ST/STM32L4xx/Include -I../Drivers/CMSIS/Include -O0 -ffunction-sections -fdata-sections -Wall -fstack-usage -MMD -MP -MF"Drivers/STM32L4xx_HAL_Driver/Src/stm32l4xx_hal_flash.d" -MT"Drivers/STM32L4xx_HAL_Driver/Src/stm32l4xx_hal_flash.o" --specs=nano.specs -mfpu=fpv4-sp-d16 -mfloat-abi=hard -mthumb -o "Drivers/STM32L4xx_HAL_Driver/Src/stm32l4xx_hal_flash.o"
arm-none-eabi-gcc "../Drivers/STM32L4xx_HAL_Driver/Src/stm32l4xx_hal_flash_ex.c" -mcpu=cortex-m4 -std=gnu11 -g3 -DDEBUG -DUSE_HAL_DRIVER -DSTM32L432xx -c -I../Core/Inc -I../Drivers/STM32L4xx_HAL_Driver/Inc -I../Drivers/STM32L4xx_HAL_Driver/Inc/Legacy -I../Drivers/CMSIS/Device/ST/STM32L4xx/Include -I../Drivers/CMSIS/Include -O0 -ffunction-sections -fdata-sections -Wall -fstack-usage -MMD -MP -MF"Drivers/STM32L4xx_HAL_Driver/Src/stm32l4xx_hal_flash_ex.d" -MT"Drivers/STM32L4xx_HAL_Driver/Src/stm32l4xx_hal_flash_ex.o" --specs=nano.specs -mfpu=fpv4-sp-d16 -mfloat-abi=hard -mthumb -o "Drivers/STM32L4xx_HAL_Driver/Src/stm32l4xx_hal_flash_ex.o"
arm-none-eabi-gcc "../Drivers/STM32L4xx_HAL_Driver/Src/stm32l4xx_hal_flash_ramfunc.c" -mcpu=cortex-m4 -std=gnu11 -g3 -DDEBUG -DUSE_HAL_DRIVER -DSTM32L432xx -c -I../Core/Inc -I../Drivers/STM32L4xx_HAL_Driver/Inc -I../Drivers/STM32L4xx_HAL_Driver/Inc/Legacy -I../Drivers/CMSIS/Device/ST/STM32L4xx/Include -I../Drivers/CMSIS/Include -O0 -ffunction-sections -fdata-sections -Wall -fstack-usage -MMD -MP -MF"Drivers/STM32L4xx_HAL_Driver/Src/stm32l4xx_hal_flash_ramfunc.d" -MT"Drivers/STM32L4xx_HAL_Driver/Src/stm32l4xx_hal_flash_ramfunc.o" --specs=nano.specs -mfpu=fpv4-sp-d16 -mfloat-abi=hard -mthumb -o "Drivers/STM32L4xx_HAL_Driver/Src/stm32l4xx_hal_flash_ramfunc.o"
arm-none-eabi-gcc "../Drivers/STM32L4xx_HAL_Driver/Src/stm32l4xx_hal_gpio.c" -mcpu=cortex-m4 -std=gnu11 -g3 -DDEBUG -DUSE_HAL_DRIVER -DSTM32L432xx -c -I../Core/Inc -I../Drivers/STM32L4xx_HAL_Driver/Inc -I../Drivers/STM32L4xx_HAL_Driver/Inc/Legacy -I../Drivers/CMSIS/Device/ST/STM32L4xx/Include -I../Drivers/CMSIS/Include -O0 -ffunction-sections -fdata-sections -Wall -fstack-usage -MMD -MP -MF"Drivers/STM32L4xx_HAL_Driver/Src/stm32l4xx_hal_gpio.d" -MT"Drivers/STM32L4xx_HAL_Driver/Src/stm32l4xx_hal_gpio.o" --specs=nano.specs -mfpu=fpv4-sp-d16 -mfloat-abi=hard -mthumb -o "Drivers/STM32L4xx_HAL_Driver/Src/stm32l4xx_hal_gpio.o"
arm-none-eabi-gcc "../Drivers/STM32L4xx_HAL_Driver/Src/stm32l4xx_hal_i2c.c" -mcpu=cortex-m4 -std=gnu11 -g3 -DDEBUG -DUSE_HAL_DRIVER -DSTM32L432xx -c -I../Core/Inc -I../Drivers/STM32L4xx_HAL_Driver/Inc -I../Drivers/STM32L4xx_HAL_Driver/Inc/Legacy -I../Drivers/CMSIS/Device/ST/STM32L4xx/Include -I../Drivers/CMSIS/Include -O0 -ffunction-sections -fdata-sections -Wall -fstack-usage -MMD -MP -MF"Drivers/STM32L4xx_HAL_Driver/Src/stm32l4xx_hal_i2c.d" -MT"Drivers/STM32L4xx_HAL_Driver/Src/stm32l4xx_hal_i2c.o" --specs=nano.specs -mfpu=fpv4-sp-d16 -mfloat-abi=hard -mthumb -o "Drivers/STM32L4xx_HAL_Driver/Src/stm32l4xx_hal_i2c.o"
arm-none-eabi-gcc "../Drivers/STM32L4xx_HAL_Driver/Src/stm32l4xx_hal_i2c_ex.c" -mcpu=cortex-m4 -std=gnu11 -g3 -DDEBUG -DUSE_HAL_DRIVER -DSTM32L432xx -c -I../Core/Inc -I../Drivers/STM32L4xx_HAL_Driver/Inc -I../Drivers/STM32L4xx_HAL_Driver/Inc/Legacy -I../Drivers/CMSIS/Device/ST/STM32L4xx/Include -I../Drivers/CMSIS/Include -O0 -ffunction-sections -fdata-sections -Wall -fstack-usage -MMD -MP -MF"Drivers/STM32L4xx_HAL_Driver/Src/stm32l4xx_hal_i2c_ex.d" -MT"Drivers/STM32L4xx_HAL_Driver/Src/stm32l4xx_hal_i2c_ex.o" --specs=nano.specs -mfpu=fpv4-sp-d16 -mfloat-abi=hard -mthumb -o "Drivers/STM32L4xx_HAL_Driver/Src/stm32l4xx_hal_i2c_ex.o"
arm-none-eabi-gcc "../Drivers/STM32L4xx_HAL_Driver/Src/stm32l4xx_hal_pwr.c" -mcpu=cortex-m4 -std=gnu11 -g3 -DDEBUG -DUSE_HAL_DRIVER -DSTM32L432xx -c -I../Core/Inc -I../Drivers/STM32L4xx_HAL_Driver/Inc -I../Drivers/STM32L4xx_HAL_Driver/Inc/Legacy -I../Drivers/CMSIS/Device/ST/STM32L4xx/Include -I../Drivers/CMSIS/Include -O0 -ffunction-sections -fdata-sections -Wall -fstack-usage -MMD -MP -MF"Drivers/STM32L4xx_HAL_Driver/Src/stm32l4xx_hal_pwr.d" -MT"Drivers/STM32L4xx_HAL_Driver/Src/stm32l4xx_hal_pwr.o" --specs=nano.specs -mfpu=fpv4-sp-d16 -mfloat-abi=hard -mthumb -o "Drivers/STM32L4xx_HAL_Driver/Src/stm32l4xx_hal_pwr.o"
arm-none-eabi-gcc "../Drivers/STM32L4xx_HAL_Driver/Src/stm32l4xx_hal_pwr_ex.c" -mcpu=cortex-m4 -std=gnu11 -g3 -DDEBUG -DUSE_HAL_DRIVER -DSTM32L432xx -c -I../Core/Inc -I../Drivers/STM32L4xx_HAL_Driver/Inc -I../Drivers/STM32L4xx_HAL_Driver/Inc/Legacy -I../Drivers/CMSIS/Device/ST/STM32L4xx/Include -I../Drivers/CMSIS/Include -O0 -ffunction-sections -fdata-sections -Wall -fstack-usage -MMD -MP -MF"Drivers/STM32L4xx_HAL_Driver/Src/stm32l4xx_hal_pwr_ex.d" -MT"Drivers/STM32L4xx_HAL_Driver/Src/stm32l4xx_hal_pwr_ex.o" --specs=nano.specs -mfpu=fpv4-sp-d16 -mfloat-abi=hard -mthumb -o "Drivers/STM32L4xx_HAL_Driver/Src/stm32l4xx_hal_pwr_ex.o"
arm-none-eabi-gcc "../Drivers/STM32L4xx_HAL_Driver/Src/stm32l4xx_hal_rcc.c" -mcpu=cortex-m4 -std=gnu11 -g3 -DDEBUG -DUSE_HAL_DRIVER -DSTM32L432xx -c -I../Core/Inc -I../Drivers/STM32L4xx_HAL_Driver/Inc -I../Drivers/STM32L4xx_HAL_Driver/Inc/Legacy -I../Drivers/CMSIS/Device/ST/STM32L4xx/Include -I../Drivers/CMSIS/Include -O0 -ffunction-sections -fdata-sections -Wall -fstack-usage -MMD -MP -MF"Drivers/STM32L4xx_HAL_Driver/Src/stm32l4xx_hal_rcc.d" -MT"Drivers/STM32L4xx_HAL_Driver/Src/stm32l4xx_hal_rcc.o" --specs=nano.specs -mfpu=fpv4-sp-d16 -mfloat-abi=hard -mthumb -o "Drivers/STM32L4xx_HAL_Driver/Src/stm32l4xx_hal_rcc.o"
arm-none-eabi-gcc "../Drivers/STM32L4xx_HAL_Driver/Src/stm32l4xx_hal_rcc_ex.c" -mcpu=cortex-m4 -std=gnu11 -g3 -DDEBUG -DUSE_HAL_DRIVER -DSTM32L432xx -c -I../Core/Inc -I../Drivers/STM32L4xx_HAL_Driver/Inc -I../Drivers/STM32L4xx_HAL_Driver/Inc/Legacy -I../Drivers/CMSIS/Device/ST/STM32L4xx/Include -I../Drivers/CMSIS/Include -O0 -ffunction-sections -fdata-sections -Wall -fstack-usage -MMD -MP -MF"Drivers/STM32L4xx_HAL_Driver/Src/stm32l4xx_hal_rcc_ex.d" -MT"Drivers/STM32L4xx_HAL_Driver/Src/stm32l4xx_hal_rcc_ex.o" --specs=nano.specs -mfpu=fpv4-sp-d16 -mfloat-abi=hard -mthumb -o "Drivers/STM32L4xx_HAL_Driver/Src/stm32l4xx_hal_rcc_ex.o"
arm-none-eabi-gcc "../Drivers/STM32L4xx_HAL_Driver/Src/stm32l4xx_hal_tim.c" -mcpu=cortex-m4 -std=gnu11 -g3 -DDEBUG -DUSE_HAL_DRIVER -DSTM32L432xx -c -I../Core/Inc -I../Drivers/STM32L4xx_HAL_Driver/Inc -I../Drivers/STM32L4xx_HAL_Driver/Inc/Legacy -I../Drivers/CMSIS/Device/ST/STM32L4xx/Include -I../Drivers/CMSIS/Include -O0 -ffunction-sections -fdata-sections -Wall -fstack-usage -MMD -MP -MF"Drivers/STM32L4xx_HAL_Driver/Src/stm32l4xx_hal_tim.d" -MT"Drivers/STM32L4xx_HAL_Driver/Src/stm32l4xx_hal_tim.o" --specs=nano.specs -mfpu=fpv4-sp-d16 -mfloat-abi=hard -mthumb -o "Drivers/STM32L4xx_HAL_Driver/Src/stm32l4xx_hal_tim.o"
arm-none-eabi-gcc "../Drivers/STM32L4xx_HAL_Driver/Src/stm32l4xx_hal_tim_ex.c" -mcpu=cortex-m4 -std=gnu11 -g3 -DDEBUG -DUSE_HAL_DRIVER -DSTM32L432xx -c -I../Core/Inc -I../Drivers/STM32L4xx_HAL_Driver/Inc -I../Drivers/STM32L4xx_HAL_Driver/Inc/Legacy -I../Drivers/CMSIS/Device/ST/STM32L4xx/Include -I../Drivers/CMSIS/Include -O0 -ffunction-sections -fdata-sections -Wall -fstack-usage -MMD -MP -MF"Drivers/STM32L4xx_HAL_Driver/Src/stm32l4xx_hal_tim_ex.d" -MT"Drivers/STM32L4xx_HAL_Driver/Src/stm32l4xx_hal_tim_ex.o" --specs=nano.specs -mfpu=fpv4-sp-d16 -mfloat-abi=hard -mthumb -o "Drivers/STM32L4xx_HAL_Driver/Src/stm32l4xx_hal_tim_ex.o"
arm-none-eabi-gcc "../Drivers/STM32L4xx_HAL_Driver/Src/stm32l4xx_hal_uart.c" -mcpu=cortex-m4 -std=gnu11 -g3 -DDEBUG -DUSE_HAL_DRIVER -DSTM32L432xx -c -I../Core/Inc -I../Drivers/STM32L4xx_HAL_Driver/Inc -I../Drivers/STM32L4xx_HAL_Driver/Inc/Legacy -I../Drivers/CMSIS/Device/ST/STM32L4xx/Include -I../Drivers/CMSIS/Include -O0 -ffunction-sections -fdata-sections -Wall -fstack-usage -MMD -MP -MF"Drivers/STM32L4xx_HAL_Driver/Src/stm32l4xx_hal_uart.d" -MT"Drivers/STM32L4xx_HAL_Driver/Src/stm32l4xx_hal_uart.o" --specs=nano.specs -mfpu=fpv4-sp-d16 -mfloat-abi=hard -mthumb -o "Drivers/STM32L4xx_HAL_Driver/Src/stm32l4xx_hal_uart.o"
arm-none-eabi-gcc "../Drivers/STM32L4xx_HAL_Driver/Src/stm32l4xx_hal_uart_ex.c" -mcpu=cortex-m4 -std=gnu11 -g3 -DDEBUG -DUSE_HAL_DRIVER -DSTM32L432xx -c -I../Core/Inc -I../Drivers/STM32L4xx_HAL_Driver/Inc -I../Drivers/STM32L4xx_HAL_Driver/Inc/Legacy -I../Drivers/CMSIS/Device/ST/STM32L4xx/Include -I../Drivers/CMSIS/Include -O0 -ffunction-sections -fdata-sections -Wall -fstack-usage -MMD -MP -MF"Drivers/STM32L4xx_HAL_Driver/Src/stm32l4xx_hal_uart_ex.d" -MT"Drivers/STM32L4xx_HAL_Driver/Src/stm32l4xx_hal_uart_ex.o" --specs=nano.specs -mfpu=fpv4-sp-d16 -mfloat-abi=hard -mthumb -o "Drivers/STM32L4xx_HAL_Driver/Src/stm32l4xx_hal_uart_ex.o"
arm-none-eabi-gcc "../Core/Src/main.c" -mcpu=cortex-m4 -std=gnu11 -g3 -DDEBUG -DUSE_HAL_DRIVER -DSTM32L432xx -c -I../Core/Inc -I../Drivers/STM32L4xx_HAL_Driver/Inc -I../Drivers/STM32L4xx_HAL_Driver/Inc/Legacy -I../Drivers/CMSIS/Device/ST/STM32L4xx/Include -I../Drivers/CMSIS/Include -O0 -ffunction-sections -fdata-sections -Wall -fstack-usage -MMD -MP -MF"Core/Src/main.d" -MT"Core/Src/main.o" --specs=nano.specs -mfpu=fpv4-sp-d16 -mfloat-abi=hard -mthumb -o "Core/Src/main.o"
arm-none-eabi-gcc "../Core/Src/stm32l4xx_hal_msp.c" -mcpu=cortex-m4 -std=gnu11 -g3 -DDEBUG -DUSE_HAL_DRIVER -DSTM32L432xx -c -I../Core/Inc -I../Drivers/STM32L4xx_HAL_Driver/Inc -I../Drivers/STM32L4xx_HAL_Driver/Inc/Legacy -I../Drivers/CMSIS/Device/ST/STM32L4xx/Include -I../Drivers/CMSIS/Include -O0 -ffunction-sections -fdata-sections -Wall -fstack-usage -MMD -MP -MF"Core/Src/stm32l4xx_hal_msp.d" -MT"Core/Src/stm32l4xx_hal_msp.o" --specs=nano.specs -mfpu=fpv4-sp-d16 -mfloat-abi=hard -mthumb -o "Core/Src/stm32l4xx_hal_msp.o"
arm-none-eabi-gcc "../Core/Src/stm32l4xx_it.c" -mcpu=cortex-m4 -std=gnu11 -g3 -DDEBUG -DUSE_HAL_DRIVER -DSTM32L432xx -c -I../Core/Inc -I../Drivers/STM32L4xx_HAL_Driver/Inc -I../Drivers/STM32L4xx_HAL_Driver/Inc/Legacy -I../Drivers/CMSIS/Device/ST/STM32L4xx/Include -I../Drivers/CMSIS/Include -O0 -ffunction-sections -fdata-sections -Wall -fstack-usage -MMD -MP -MF"Core/Src/stm32l4xx_it.d" -MT"Core/Src/stm32l4xx_it.o" --specs=nano.specs -mfpu=fpv4-sp-d16 -mfloat-abi=hard -mthumb -o "Core/Src/stm32l4xx_it.o"
../Core/Src/main.c: In function 'main':
../Core/Src/main.c:180:3: warning: implicit declaration of function 'printf' [-Wimplicit-function-declaration]
  180 |   printf("Starting The Program\n");
      |   ^~~~~~
../Core/Src/main.c:180:3: warning: incompatible implicit declaration of built-in function 'printf'
../Core/Src/main.c:21:1: note: include '<stdio.h>' or provide a declaration of 'printf'
   20 | #include "main.h"
  +++ |+#include <stdio.h>
   21 | 
../Core/Src/main.c:187:4: warning: implicit declaration of function 'scanf' [-Wimplicit-function-declaration]
  187 |    scanf( "%s",&receivePasscode);
      |    ^~~~~
../Core/Src/main.c:187:4: warning: incompatible implicit declaration of built-in function 'scanf'
../Core/Src/main.c:187:4: note: include '<stdio.h>' or provide a declaration of 'scanf'
../Core/Src/main.c:187:13: warning: format '%s' expects argument of type 'char *', but argument 2 has type 'char (*)[4]' [-Wformat=]
  187 |    scanf( "%s",&receivePasscode);
      |            ~^  ~~~~~~~~~~~~~~~~
      |             |  |
      |             |  char (*)[4]
      |             char *
arm-none-eabi-gcc "../Core/Src/syscalls.c" -mcpu=cortex-m4 -std=gnu11 -g3 -DDEBUG -DUSE_HAL_DRIVER -DSTM32L432xx -c -I../Core/Inc -I../Drivers/STM32L4xx_HAL_Driver/Inc -I../Drivers/STM32L4xx_HAL_Driver/Inc/Legacy -I../Drivers/CMSIS/Device/ST/STM32L4xx/Include -I../Drivers/CMSIS/Include -O0 -ffunction-sections -fdata-sections -Wall -fstack-usage -MMD -MP -MF"Core/Src/syscalls.d" -MT"Core/Src/syscalls.o" --specs=nano.specs -mfpu=fpv4-sp-d16 -mfloat-abi=hard -mthumb -o "Core/Src/syscalls.o"
arm-none-eabi-gcc "../Core/Src/system_stm32l4xx.c" -mcpu=cortex-m4 -std=gnu11 -g3 -DDEBUG -DUSE_HAL_DRIVER -DSTM32L432xx -c -I../Core/Inc -I../Drivers/STM32L4xx_HAL_Driver/Inc -I../Drivers/STM32L4xx_HAL_Driver/Inc/Legacy -I../Drivers/CMSIS/Device/ST/STM32L4xx/Include -I../Drivers/CMSIS/Include -O0 -ffunction-sections -fdata-sections -Wall -fstack-usage -MMD -MP -MF"Core/Src/system_stm32l4xx.d" -MT"Core/Src/system_stm32l4xx.o" --specs=nano.specs -mfpu=fpv4-sp-d16 -mfloat-abi=hard -mthumb -o "Core/Src/system_stm32l4xx.o"
../Core/Src/syscalls.c: In function '_read':
../Core/Src/syscalls.c:83:28: warning: pointer targets in passing argument 2 of 'HAL_UART_Receive' differ in signedness [-Wpointer-sign]
   83 |  HAL_UART_Receive(&huart2, ptr, 1, HAL_MAX_DELAY);
      |                            ^~~
      |                            |
      |                            char *
In file included from ../Core/Inc/stm32l4xx_hal_conf.h:450,
                 from ../Drivers/STM32L4xx_HAL_Driver/Inc/stm32l4xx_hal.h:29,
                 from ../Core/Src/syscalls.c:32:
../Drivers/STM32L4xx_HAL_Driver/Inc/stm32l4xx_hal_uart.h:1675:72: note: expected 'uint8_t *' {aka 'unsigned char *'} but argument is of type 'char *'
 1675 | HAL_StatusTypeDef HAL_UART_Receive(UART_HandleTypeDef *huart, uint8_t *pData, uint16_t Size, uint32_t Timeout);
      |                                                               ~~~~~~~~~^~~~~
arm-none-eabi-gcc -o "rgrewalassignment2.elf" @"objects.list"   -mcpu=cortex-m4 -T"C:\Users\rajka\OneDrive - Conestoga College\Embedded System\Semester 1\Embedded System\Weeks\Week 6\Assignment 2\rgrewalassignment2\STM32L432KCUX_FLASH.ld" --specs=nosys.specs -Wl,-Map="rgrewalassignment2.map" -Wl,--gc-sections -static --specs=nano.specs -mfpu=fpv4-sp-d16 -mfloat-abi=hard -mthumb -Wl,--start-group -lc -lm -Wl,--end-group
Finished building target: rgrewalassignment2.elf
 
arm-none-eabi-size   rgrewalassignment2.elf 
arm-none-eabi-objdump -h -S  rgrewalassignment2.elf  > "rgrewalassignment2.list"
   text	   data	    bss	    dec	    hex	filename
  25636	    120	   1800	  27556	   6ba4	rgrewalassignment2.elf
Finished building: default.size.stdout
 
Finished building: rgrewalassignment2.list
 
00:41:40 **** Incremental Build of configuration Debug for project rgrewalassignment2 ****
make -j4 all 
arm-none-eabi-size   rgrewalassignment2.elf 
   text	   data	    bss	    dec	    hex	filename
  25636	    120	   1800	  27556	   6ba4	rgrewalassignment2.elf
Finished building: default.size.stdout
 
00:42:35 **** Incremental Build of configuration Debug for project rgrewalassignment2 ****
make -j4 all 
arm-none-eabi-gcc "../Core/Src/main.c" -mcpu=cortex-m4 -std=gnu11 -g3 -DDEBUG -DUSE_HAL_DRIVER -DSTM32L432xx -c -I../Core/Inc -I../Drivers/STM32L4xx_HAL_Driver/Inc -I../Drivers/STM32L4xx_HAL_Driver/Inc/Legacy -I../Drivers/CMSIS/Device/ST/STM32L4xx/Include -I../Drivers/CMSIS/Include -O0 -ffunction-sections -fdata-sections -Wall -fstack-usage -MMD -MP -MF"Core/Src/main.d" -MT"Core/Src/main.o" --specs=nano.specs -mfpu=fpv4-sp-d16 -mfloat-abi=hard -mthumb -o "Core/Src/main.o"
../Core/Src/main.c: In function 'main':
../Core/Src/main.c:180:3: warning: implicit declaration of function 'printf' [-Wimplicit-function-declaration]
  180 |   printf("Starting The Program\n");
      |   ^~~~~~
../Core/Src/main.c:180:3: warning: incompatible implicit declaration of built-in function 'printf'
../Core/Src/main.c:21:1: note: include '<stdio.h>' or provide a declaration of 'printf'
   20 | #include "main.h"
  +++ |+#include <stdio.h>
   21 | 
../Core/Src/main.c:187:4: warning: implicit declaration of function 'scanf' [-Wimplicit-function-declaration]
  187 |    scanf( "%s",&receivePasscode);
      |    ^~~~~
../Core/Src/main.c:187:4: warning: incompatible implicit declaration of built-in function 'scanf'
../Core/Src/main.c:187:4: note: include '<stdio.h>' or provide a declaration of 'scanf'
../Core/Src/main.c:187:13: warning: format '%s' expects argument of type 'char *', but argument 2 has type 'char (*)[4]' [-Wformat=]
  187 |    scanf( "%s",&receivePasscode);
      |            ~^  ~~~~~~~~~~~~~~~~
      |             |  |
      |             |  char (*)[4]
      |             char *
arm-none-eabi-gcc -o "rgrewalassignment2.elf" @"objects.list"   -mcpu=cortex-m4 -T"C:\Users\rajka\OneDrive - Conestoga College\Embedded System\Semester 1\Embedded System\Weeks\Week 6\Assignment 2\rgrewalassignment2\STM32L432KCUX_FLASH.ld" --specs=nosys.specs -Wl,-Map="rgrewalassignment2.map" -Wl,--gc-sections -static --specs=nano.specs -mfpu=fpv4-sp-d16 -mfloat-abi=hard -mthumb -Wl,--start-group -lc -lm -Wl,--end-group
Finished building target: rgrewalassignment2.elf
 
arm-none-eabi-size   rgrewalassignment2.elf 
arm-none-eabi-objdump -h -S  rgrewalassignment2.elf  > "rgrewalassignment2.list"
   text	   data	    bss	    dec	    hex	filename
  25664	    120	   1800	  27584	   6bc0	rgrewalassignment2.elf
Finished building: default.size.stdout
 
Finished building: rgrewalassignment2.list
 
00:43:28 **** Incremental Build of configuration Debug for project rgrewalassignment2 ****
make -j4 all 
arm-none-eabi-gcc "../Core/Src/main.c" -mcpu=cortex-m4 -std=gnu11 -g3 -DDEBUG -DUSE_HAL_DRIVER -DSTM32L432xx -c -I../Core/Inc -I../Drivers/STM32L4xx_HAL_Driver/Inc -I../Drivers/STM32L4xx_HAL_Driver/Inc/Legacy -I../Drivers/CMSIS/Device/ST/STM32L4xx/Include -I../Drivers/CMSIS/Include -O0 -ffunction-sections -fdata-sections -Wall -fstack-usage -MMD -MP -MF"Core/Src/main.d" -MT"Core/Src/main.o" --specs=nano.specs -mfpu=fpv4-sp-d16 -mfloat-abi=hard -mthumb -o "Core/Src/main.o"
../Core/Src/main.c: In function 'main':
../Core/Src/main.c:180:3: warning: implicit declaration of function 'printf' [-Wimplicit-function-declaration]
  180 |   printf("Starting The Program\n");
      |   ^~~~~~
../Core/Src/main.c:180:3: warning: incompatible implicit declaration of built-in function 'printf'
../Core/Src/main.c:21:1: note: include '<stdio.h>' or provide a declaration of 'printf'
   20 | #include "main.h"
  +++ |+#include <stdio.h>
   21 | 
../Core/Src/main.c:187:4: warning: implicit declaration of function 'scanf' [-Wimplicit-function-declaration]
  187 |    scanf( "%s",&receivePasscode);
      |    ^~~~~
../Core/Src/main.c:187:4: warning: incompatible implicit declaration of built-in function 'scanf'
../Core/Src/main.c:187:4: note: include '<stdio.h>' or provide a declaration of 'scanf'
../Core/Src/main.c:187:13: warning: format '%s' expects argument of type 'char *', but argument 2 has type 'char (*)[4]' [-Wformat=]
  187 |    scanf( "%s",&receivePasscode);
      |            ~^  ~~~~~~~~~~~~~~~~
      |             |  |
      |             |  char (*)[4]
      |             char *
arm-none-eabi-gcc -o "rgrewalassignment2.elf" @"objects.list"   -mcpu=cortex-m4 -T"C:\Users\rajka\OneDrive - Conestoga College\Embedded System\Semester 1\Embedded System\Weeks\Week 6\Assignment 2\rgrewalassignment2\STM32L432KCUX_FLASH.ld" --specs=nosys.specs -Wl,-Map="rgrewalassignment2.map" -Wl,--gc-sections -static --specs=nano.specs -mfpu=fpv4-sp-d16 -mfloat-abi=hard -mthumb -Wl,--start-group -lc -lm -Wl,--end-group
Finished building target: rgrewalassignment2.elf
 
arm-none-eabi-size   rgrewalassignment2.elf 
arm-none-eabi-objdump -h -S  rgrewalassignment2.elf  > "rgrewalassignment2.list"
   text	   data	    bss	    dec	    hex	filename
  25680	    120	   1800	  27600	   6bd0	rgrewalassignment2.elf
Finished building: default.size.stdout
 
Finished building: rgrewalassignment2.list
 
00:44:41 **** Incremental Build of configuration Debug for project rgrewalassignment2 ****
make -j4 all 
arm-none-eabi-gcc "../Core/Src/main.c" -mcpu=cortex-m4 -std=gnu11 -g3 -DDEBUG -DUSE_HAL_DRIVER -DSTM32L432xx -c -I../Core/Inc -I../Drivers/STM32L4xx_HAL_Driver/Inc -I../Drivers/STM32L4xx_HAL_Driver/Inc/Legacy -I../Drivers/CMSIS/Device/ST/STM32L4xx/Include -I../Drivers/CMSIS/Include -O0 -ffunction-sections -fdata-sections -Wall -fstack-usage -MMD -MP -MF"Core/Src/main.d" -MT"Core/Src/main.o" --specs=nano.specs -mfpu=fpv4-sp-d16 -mfloat-abi=hard -mthumb -o "Core/Src/main.o"
../Core/Src/main.c: In function 'main':
../Core/Src/main.c:180:3: warning: implicit declaration of function 'printf' [-Wimplicit-function-declaration]
  180 |   printf("Starting The Program\n");
      |   ^~~~~~
../Core/Src/main.c:180:3: warning: incompatible implicit declaration of built-in function 'printf'
../Core/Src/main.c:21:1: note: include '<stdio.h>' or provide a declaration of 'printf'
   20 | #include "main.h"
  +++ |+#include <stdio.h>
   21 | 
../Core/Src/main.c:187:4: warning: implicit declaration of function 'scanf' [-Wimplicit-function-declaration]
  187 |    scanf( "%s",&receivePasscode);
      |    ^~~~~
../Core/Src/main.c:187:4: warning: incompatible implicit declaration of built-in function 'scanf'
../Core/Src/main.c:187:4: note: include '<stdio.h>' or provide a declaration of 'scanf'
../Core/Src/main.c:187:13: warning: format '%s' expects argument of type 'char *', but argument 2 has type 'char (*)[4]' [-Wformat=]
  187 |    scanf( "%s",&receivePasscode);
      |            ~^  ~~~~~~~~~~~~~~~~
      |             |  |
      |             |  char (*)[4]
      |             char *
arm-none-eabi-gcc -o "rgrewalassignment2.elf" @"objects.list"   -mcpu=cortex-m4 -T"C:\Users\rajka\OneDrive - Conestoga College\Embedded System\Semester 1\Embedded System\Weeks\Week 6\Assignment 2\rgrewalassignment2\STM32L432KCUX_FLASH.ld" --specs=nosys.specs -Wl,-Map="rgrewalassignment2.map" -Wl,--gc-sections -static --specs=nano.specs -mfpu=fpv4-sp-d16 -mfloat-abi=hard -mthumb -Wl,--start-group -lc -lm -Wl,--end-group
Finished building target: rgrewalassignment2.elf
 
arm-none-eabi-size   rgrewalassignment2.elf 
arm-none-eabi-objdump -h -S  rgrewalassignment2.elf  > "rgrewalassignment2.list"
   text	   data	    bss	    dec	    hex	filename
  25676	    120	   1800	  27596	   6bcc	rgrewalassignment2.elf
Finished building: default.size.stdout
 
Finished building: rgrewalassignment2.list
 
00:47:18 **** Incremental Build of configuration Debug for project rgrewalassignment2 ****
make -j4 all 
arm-none-eabi-gcc "../Core/Src/main.c" -mcpu=cortex-m4 -std=gnu11 -g3 -DDEBUG -DUSE_HAL_DRIVER -DSTM32L432xx -c -I../Core/Inc -I../Drivers/STM32L4xx_HAL_Driver/Inc -I../Drivers/STM32L4xx_HAL_Driver/Inc/Legacy -I../Drivers/CMSIS/Device/ST/STM32L4xx/Include -I../Drivers/CMSIS/Include -O0 -ffunction-sections -fdata-sections -Wall -fstack-usage -MMD -MP -MF"Core/Src/main.d" -MT"Core/Src/main.o" --specs=nano.specs -mfpu=fpv4-sp-d16 -mfloat-abi=hard -mthumb -o "Core/Src/main.o"
../Core/Src/main.c: In function 'main':
../Core/Src/main.c:180:3: warning: implicit declaration of function 'printf' [-Wimplicit-function-declaration]
  180 |   printf("Starting The Program\n");
      |   ^~~~~~
../Core/Src/main.c:180:3: warning: incompatible implicit declaration of built-in function 'printf'
../Core/Src/main.c:21:1: note: include '<stdio.h>' or provide a declaration of 'printf'
   20 | #include "main.h"
  +++ |+#include <stdio.h>
   21 | 
../Core/Src/main.c:187:4: warning: implicit declaration of function 'scanf' [-Wimplicit-function-declaration]
  187 |    scanf( "%s",&receivePasscode);
      |    ^~~~~
../Core/Src/main.c:187:4: warning: incompatible implicit declaration of built-in function 'scanf'
../Core/Src/main.c:187:4: note: include '<stdio.h>' or provide a declaration of 'scanf'
../Core/Src/main.c:187:13: warning: format '%s' expects argument of type 'char *', but argument 2 has type 'char (*)[4]' [-Wformat=]
  187 |    scanf( "%s",&receivePasscode);
      |            ~^  ~~~~~~~~~~~~~~~~
      |             |  |
      |             |  char (*)[4]
      |             char *
arm-none-eabi-gcc -o "rgrewalassignment2.elf" @"objects.list"   -mcpu=cortex-m4 -T"C:\Users\rajka\OneDrive - Conestoga College\Embedded System\Semester 1\Embedded System\Weeks\Week 6\Assignment 2\rgrewalassignment2\STM32L432KCUX_FLASH.ld" --specs=nosys.specs -Wl,-Map="rgrewalassignment2.map" -Wl,--gc-sections -static --specs=nano.specs -mfpu=fpv4-sp-d16 -mfloat-abi=hard -mthumb -Wl,--start-group -lc -lm -Wl,--end-group
Finished building target: rgrewalassignment2.elf
 
arm-none-eabi-size   rgrewalassignment2.elf 
arm-none-eabi-objdump -h -S  rgrewalassignment2.elf  > "rgrewalassignment2.list"
   text	   data	    bss	    dec	    hex	filename
  25680	    120	   1800	  27600	   6bd0	rgrewalassignment2.elf
Finished building: default.size.stdout
 
Finished building: rgrewalassignment2.list
 
00:49:55 **** Incremental Build of configuration Debug for project rgrewalassignment2 ****
make -j4 all 
arm-none-eabi-gcc "../Core/Src/main.c" -mcpu=cortex-m4 -std=gnu11 -g3 -DDEBUG -DUSE_HAL_DRIVER -DSTM32L432xx -c -I../Core/Inc -I../Drivers/STM32L4xx_HAL_Driver/Inc -I../Drivers/STM32L4xx_HAL_Driver/Inc/Legacy -I../Drivers/CMSIS/Device/ST/STM32L4xx/Include -I../Drivers/CMSIS/Include -O0 -ffunction-sections -fdata-sections -Wall -fstack-usage -MMD -MP -MF"Core/Src/main.d" -MT"Core/Src/main.o" --specs=nano.specs -mfpu=fpv4-sp-d16 -mfloat-abi=hard -mthumb -o "Core/Src/main.o"
../Core/Src/main.c: In function 'main':
../Core/Src/main.c:180:3: warning: implicit declaration of function 'printf' [-Wimplicit-function-declaration]
  180 |   printf("Starting The Program\n");
      |   ^~~~~~
../Core/Src/main.c:180:3: warning: incompatible implicit declaration of built-in function 'printf'
../Core/Src/main.c:21:1: note: include '<stdio.h>' or provide a declaration of 'printf'
   20 | #include "main.h"
  +++ |+#include <stdio.h>
   21 | 
../Core/Src/main.c:187:4: warning: implicit declaration of function 'scanf' [-Wimplicit-function-declaration]
  187 |    scanf( "%s",&receivePasscode);
      |    ^~~~~
../Core/Src/main.c:187:4: warning: incompatible implicit declaration of built-in function 'scanf'
../Core/Src/main.c:187:4: note: include '<stdio.h>' or provide a declaration of 'scanf'
../Core/Src/main.c:187:13: warning: format '%s' expects argument of type 'char *', but argument 2 has type 'char (*)[4]' [-Wformat=]
  187 |    scanf( "%s",&receivePasscode);
      |            ~^  ~~~~~~~~~~~~~~~~
      |             |  |
      |             |  char (*)[4]
      |             char *
arm-none-eabi-gcc -o "rgrewalassignment2.elf" @"objects.list"   -mcpu=cortex-m4 -T"C:\Users\rajka\OneDrive - Conestoga College\Embedded System\Semester 1\Embedded System\Weeks\Week 6\Assignment 2\rgrewalassignment2\STM32L432KCUX_FLASH.ld" --specs=nosys.specs -Wl,-Map="rgrewalassignment2.map" -Wl,--gc-sections -static --specs=nano.specs -mfpu=fpv4-sp-d16 -mfloat-abi=hard -mthumb -Wl,--start-group -lc -lm -Wl,--end-group
Finished building target: rgrewalassignment2.elf
 
arm-none-eabi-size   rgrewalassignment2.elf 
arm-none-eabi-objdump -h -S  rgrewalassignment2.elf  > "rgrewalassignment2.list"
   text	   data	    bss	    dec	    hex	filename
  25676	    120	   1800	  27596	   6bcc	rgrewalassignment2.elf
Finished building: default.size.stdout
 
Finished building: rgrewalassignment2.list
 
00:55:14 **** Incremental Build of configuration Debug for project rgrewalassignment2 ****
make -j4 all 
arm-none-eabi-gcc "../Core/Src/main.c" -mcpu=cortex-m4 -std=gnu11 -g3 -DDEBUG -DUSE_HAL_DRIVER -DSTM32L432xx -c -I../Core/Inc -I../Drivers/STM32L4xx_HAL_Driver/Inc -I../Drivers/STM32L4xx_HAL_Driver/Inc/Legacy -I../Drivers/CMSIS/Device/ST/STM32L4xx/Include -I../Drivers/CMSIS/Include -O0 -ffunction-sections -fdata-sections -Wall -fstack-usage -MMD -MP -MF"Core/Src/main.d" -MT"Core/Src/main.o" --specs=nano.specs -mfpu=fpv4-sp-d16 -mfloat-abi=hard -mthumb -o "Core/Src/main.o"
../Core/Src/main.c: In function 'main':
../Core/Src/main.c:180:3: warning: implicit declaration of function 'printf' [-Wimplicit-function-declaration]
  180 |   printf("Starting The Program\n");
      |   ^~~~~~
../Core/Src/main.c:180:3: warning: incompatible implicit declaration of built-in function 'printf'
../Core/Src/main.c:21:1: note: include '<stdio.h>' or provide a declaration of 'printf'
   20 | #include "main.h"
  +++ |+#include <stdio.h>
   21 | 
../Core/Src/main.c:187:4: warning: implicit declaration of function 'scanf' [-Wimplicit-function-declaration]
  187 |    scanf( "%s",&receivePasscode);
      |    ^~~~~
../Core/Src/main.c:187:4: warning: incompatible implicit declaration of built-in function 'scanf'
../Core/Src/main.c:187:4: note: include '<stdio.h>' or provide a declaration of 'scanf'
../Core/Src/main.c:187:13: warning: format '%s' expects argument of type 'char *', but argument 2 has type 'char (*)[4]' [-Wformat=]
  187 |    scanf( "%s",&receivePasscode);
      |            ~^  ~~~~~~~~~~~~~~~~
      |             |  |
      |             |  char (*)[4]
      |             char *
arm-none-eabi-gcc -o "rgrewalassignment2.elf" @"objects.list"   -mcpu=cortex-m4 -T"C:\Users\rajka\OneDrive - Conestoga College\Embedded System\Semester 1\Embedded System\Weeks\Week 6\Assignment 2\rgrewalassignment2\STM32L432KCUX_FLASH.ld" --specs=nosys.specs -Wl,-Map="rgrewalassignment2.map" -Wl,--gc-sections -static --specs=nano.specs -mfpu=fpv4-sp-d16 -mfloat-abi=hard -mthumb -Wl,--start-group -lc -lm -Wl,--end-group
Finished building target: rgrewalassignment2.elf
 
arm-none-eabi-size   rgrewalassignment2.elf 
arm-none-eabi-objdump -h -S  rgrewalassignment2.elf  > "rgrewalassignment2.list"
   text	   data	    bss	    dec	    hex	filename
  25680	    120	   1800	  27600	   6bd0	rgrewalassignment2.elf
Finished building: default.size.stdout
 
Finished building: rgrewalassignment2.list
 
